ERROR - 2024-07-12 15:11:18 --> Error connecting to the database: mysqli_sql_exception: Access denied for user ''@'localhost' (using password: NO) in C:\xampp\htdocs\ecommerce\system\Database\MySQLi\Connection.php:187
Stack trace:
#0 C:\xampp\htdocs\ecommerce\system\Database\MySQLi\Connection.php(187): mysqli->real_connect('localhost', '', '', '', 3306, '', 0)
#1 C:\xampp\htdocs\ecommerce\system\Database\BaseConnection.php(421): CodeIgniter\Database\MySQLi\Connection->connect(false)
#2 C:\xampp\htdocs\ecommerce\system\Database\BaseConnection.php(616): CodeIgniter\Database\BaseConnection->initialize()
#3 C:\xampp\htdocs\ecommerce\system\Database\BaseBuilder.php(1636): CodeIgniter\Database\BaseConnection->query('SELECT *\nFROM `...', Array, false)
#4 C:\xampp\htdocs\ecommerce\system\Model.php(330): CodeIgniter\Database\BaseBuilder->get()
#5 C:\xampp\htdocs\ecommerce\system\BaseModel.php(714): CodeIgniter\Model->doFirst()
#6 C:\xampp\htdocs\ecommerce\app\Controllers\Login.php(25): CodeIgniter\BaseModel->first()
#7 C:\xampp\htdocs\ecommerce\system\CodeIgniter.php(933): App\Controllers\Login->authenticate()
#8 C:\xampp\htdocs\ecommerce\system\CodeIgniter.php(509): CodeIgniter\CodeIgniter->runController(Object(App\Controllers\Login))
#9 C:\xampp\htdocs\ecommerce\system\CodeIgniter.php(355): CodeIgniter\CodeIgniter->handleRequest(NULL, Object(Config\Cache), false)
#10 C:\xampp\htdocs\ecommerce\system\Boot.php(325): CodeIgniter\CodeIgniter->run()
#11 C:\xampp\htdocs\ecommerce\system\Boot.php(67): CodeIgniter\Boot::runCodeIgniter(Object(CodeIgniter\CodeIgniter))
#12 C:\xampp\htdocs\ecommerce\public\index.php(56): CodeIgniter\Boot::bootWeb(Object(Config\Paths))
#13 {main}

Next CodeIgniter\Database\Exceptions\DatabaseException: Access denied for user ''@'localhost' (using password: NO) in C:\xampp\htdocs\ecommerce\system\Database\MySQLi\Connection.php:231
Stack trace:
#0 C:\xampp\htdocs\ecommerce\system\Database\BaseConnection.php(421): CodeIgniter\Database\MySQLi\Connection->connect(false)
#1 C:\xampp\htdocs\ecommerce\system\Database\BaseConnection.php(616): CodeIgniter\Database\BaseConnection->initialize()
#2 C:\xampp\htdocs\ecommerce\system\Database\BaseBuilder.php(1636): CodeIgniter\Database\BaseConnection->query('SELECT *\nFROM `...', Array, false)
#3 C:\xampp\htdocs\ecommerce\system\Model.php(330): CodeIgniter\Database\BaseBuilder->get()
#4 C:\xampp\htdocs\ecommerce\system\BaseModel.php(714): CodeIgniter\Model->doFirst()
#5 C:\xampp\htdocs\ecommerce\app\Controllers\Login.php(25): CodeIgniter\BaseModel->first()
#6 C:\xampp\htdocs\ecommerce\system\CodeIgniter.php(933): App\Controllers\Login->authenticate()
#7 C:\xampp\htdocs\ecommerce\system\CodeIgniter.php(509): CodeIgniter\CodeIgniter->runController(Object(App\Controllers\Login))
#8 C:\xampp\htdocs\ecommerce\system\CodeIgniter.php(355): CodeIgniter\CodeIgniter->handleRequest(NULL, Object(Config\Cache), false)
#9 C:\xampp\htdocs\ecommerce\system\Boot.php(325): CodeIgniter\CodeIgniter->run()
#10 C:\xampp\htdocs\ecommerce\system\Boot.php(67): CodeIgniter\Boot::runCodeIgniter(Object(CodeIgniter\CodeIgniter))
#11 C:\xampp\htdocs\ecommerce\public\index.php(56): CodeIgniter\Boot::bootWeb(Object(Config\Paths))
#12 {main}
CRITICAL - 2024-07-12 15:11:18 --> CodeIgniter\Database\Exceptions\DatabaseException: Unable to connect to the database.
Main connection [MySQLi]: Access denied for user ''@'localhost' (using password: NO)
[Method: POST, Route: login/authenticate]
in SYSTEMPATH\Database\BaseConnection.php on line 467.
 1 SYSTEMPATH\Database\BaseConnection.php(616): CodeIgniter\Database\BaseConnection->initialize()
 2 SYSTEMPATH\Database\BaseBuilder.php(1636): CodeIgniter\Database\BaseConnection->query('SELECT *
FROM `user_login_table`
WHERE `name` = :name:
 LIMIT 1', [...], false)
 3 SYSTEMPATH\Model.php(330): CodeIgniter\Database\BaseBuilder->get()
 4 SYSTEMPATH\BaseModel.php(714): CodeIgniter\Model->doFirst()
 5 APPPATH\Controllers\Login.php(25): CodeIgniter\BaseModel->first()
 6 SYSTEMPATH\CodeIgniter.php(933): App\Controllers\Login->authenticate()
 7 SYSTEMPATH\CodeIgniter.php(509): CodeIgniter\CodeIgniter->runController(Object(App\Controllers\Login))
 8 SYSTEMPATH\CodeIgniter.php(355): CodeIgniter\CodeIgniter->handleRequest(null, Object(Config\Cache), false)
 9 SYSTEMPATH\Boot.php(325): CodeIgniter\CodeIgniter->run()
10 SYSTEMPATH\Boot.php(67): CodeIgniter\Boot::runCodeIgniter(Object(CodeIgniter\CodeIgniter))
11 FCPATH\index.php(56): CodeIgniter\Boot::bootWeb(Object(Config\Paths))
CRITICAL - 2024-07-12 15:23:00 --> ErrorException: Undefined property: App\Controllers\Login::$input
[Method: POST, Route: login/authenticate]
in APPPATH\Controllers\Login.php on line 17.
 1 APPPATH\Controllers\Login.php(17): CodeIgniter\Debug\Exceptions->errorHandler(2, 'Undefined property: App\\Controllers\\Login::$input', 'C:\\xampp\\htdocs\\ecommerce\\app\\Controllers\\Login.php', 17)
 2 SYSTEMPATH\CodeIgniter.php(933): App\Controllers\Login->authenticate()
 3 SYSTEMPATH\CodeIgniter.php(509): CodeIgniter\CodeIgniter->runController(Object(App\Controllers\Login))
 4 SYSTEMPATH\CodeIgniter.php(355): CodeIgniter\CodeIgniter->handleRequest(null, Object(Config\Cache), false)
 5 SYSTEMPATH\Boot.php(325): CodeIgniter\CodeIgniter->run()
 6 SYSTEMPATH\Boot.php(67): CodeIgniter\Boot::runCodeIgniter(Object(CodeIgniter\CodeIgniter))
 7 FCPATH\index.php(56): CodeIgniter\Boot::bootWeb(Object(Config\Paths))
ERROR - 2024-07-12 15:42:09 --> mysqli_sql_exception: Table 'ecommerce.products' doesn't exist in C:\xampp\htdocs\ecommerce\system\Database\MySQLi\Connection.php:312
Stack trace:
#0 C:\xampp\htdocs\ecommerce\system\Database\MySQLi\Connection.php(312): mysqli->query('INSERT INTO `pr...', 0)
#1 C:\xampp\htdocs\ecommerce\system\Database\BaseConnection.php(734): CodeIgniter\Database\MySQLi\Connection->execute('INSERT INTO `pr...')
#2 C:\xampp\htdocs\ecommerce\system\Database\BaseConnection.php(648): CodeIgniter\Database\BaseConnection->simpleQuery('INSERT INTO `pr...')
#3 C:\xampp\htdocs\ecommerce\system\Database\BaseBuilder.php(2332): CodeIgniter\Database\BaseConnection->query('INSERT INTO `pr...', Array, false)
#4 C:\xampp\htdocs\ecommerce\system\Model.php(394): CodeIgniter\Database\BaseBuilder->insert()
#5 C:\xampp\htdocs\ecommerce\system\BaseModel.php(840): CodeIgniter\Model->doInsert(Array)
#6 C:\xampp\htdocs\ecommerce\system\Model.php(802): CodeIgniter\BaseModel->insert(Array, true)
#7 C:\xampp\htdocs\ecommerce\app\Controllers\Admin.php(24): CodeIgniter\Model->insert(Array)
#8 C:\xampp\htdocs\ecommerce\system\CodeIgniter.php(933): App\Controllers\Admin->saveProduct()
#9 C:\xampp\htdocs\ecommerce\system\CodeIgniter.php(509): CodeIgniter\CodeIgniter->runController(Object(App\Controllers\Admin))
#10 C:\xampp\htdocs\ecommerce\system\CodeIgniter.php(355): CodeIgniter\CodeIgniter->handleRequest(NULL, Object(Config\Cache), false)
#11 C:\xampp\htdocs\ecommerce\system\Boot.php(325): CodeIgniter\CodeIgniter->run()
#12 C:\xampp\htdocs\ecommerce\system\Boot.php(67): CodeIgniter\Boot::runCodeIgniter(Object(CodeIgniter\CodeIgniter))
#13 C:\xampp\htdocs\ecommerce\public\index.php(56): CodeIgniter\Boot::bootWeb(Object(Config\Paths))
#14 {main}
CRITICAL - 2024-07-12 15:42:09 --> CodeIgniter\Database\Exceptions\DatabaseException: Table 'ecommerce.products' doesn't exist
[Method: POST, Route: admin/saveProduct]
in SYSTEMPATH\Database\BaseConnection.php on line 688.
 1 SYSTEMPATH\Database\BaseBuilder.php(2332): CodeIgniter\Database\BaseConnection->query('INSERT INTO `products` (`product_name`, `prod_description`, `prod_qty`, `prod_price`) VALUES (:product_name:, :prod_description:, :prod_qty:, :prod_price:)', [...], false)
 2 SYSTEMPATH\Model.php(394): CodeIgniter\Database\BaseBuilder->insert()
 3 SYSTEMPATH\BaseModel.php(840): CodeIgniter\Model->doInsert([...])
 4 SYSTEMPATH\Model.php(802): CodeIgniter\BaseModel->insert([...], true)
 5 APPPATH\Controllers\Admin.php(24): CodeIgniter\Model->insert([...])
 6 SYSTEMPATH\CodeIgniter.php(933): App\Controllers\Admin->saveProduct()
 7 SYSTEMPATH\CodeIgniter.php(509): CodeIgniter\CodeIgniter->runController(Object(App\Controllers\Admin))
 8 SYSTEMPATH\CodeIgniter.php(355): CodeIgniter\CodeIgniter->handleRequest(null, Object(Config\Cache), false)
 9 SYSTEMPATH\Boot.php(325): CodeIgniter\CodeIgniter->run()
10 SYSTEMPATH\Boot.php(67): CodeIgniter\Boot::runCodeIgniter(Object(CodeIgniter\CodeIgniter))
11 FCPATH\index.php(56): CodeIgniter\Boot::bootWeb(Object(Config\Paths))
CRITICAL - 2024-07-12 15:42:09 --> [Caused by] CodeIgniter\Database\Exceptions\DatabaseException: Table 'ecommerce.products' doesn't exist
in SYSTEMPATH\Database\MySQLi\Connection.php on line 317.
 1 SYSTEMPATH\Database\BaseConnection.php(734): CodeIgniter\Database\MySQLi\Connection->execute('INSERT INTO `products` (`product_name`, `prod_description`, `prod_qty`, `prod_price`) VALUES (\'product1\', \'test\', \'5\', \'2500\')')
 2 SYSTEMPATH\Database\BaseConnection.php(648): CodeIgniter\Database\BaseConnection->simpleQuery('INSERT INTO `products` (`product_name`, `prod_description`, `prod_qty`, `prod_price`) VALUES (\'product1\', \'test\', \'5\', \'2500\')')
 3 SYSTEMPATH\Database\BaseBuilder.php(2332): CodeIgniter\Database\BaseConnection->query('INSERT INTO `products` (`product_name`, `prod_description`, `prod_qty`, `prod_price`) VALUES (:product_name:, :prod_description:, :prod_qty:, :prod_price:)', [...], false)
 4 SYSTEMPATH\Model.php(394): CodeIgniter\Database\BaseBuilder->insert()
 5 SYSTEMPATH\BaseModel.php(840): CodeIgniter\Model->doInsert([...])
 6 SYSTEMPATH\Model.php(802): CodeIgniter\BaseModel->insert([...], true)
 7 APPPATH\Controllers\Admin.php(24): CodeIgniter\Model->insert([...])
 8 SYSTEMPATH\CodeIgniter.php(933): App\Controllers\Admin->saveProduct()
 9 SYSTEMPATH\CodeIgniter.php(509): CodeIgniter\CodeIgniter->runController(Object(App\Controllers\Admin))
10 SYSTEMPATH\CodeIgniter.php(355): CodeIgniter\CodeIgniter->handleRequest(null, Object(Config\Cache), false)
11 SYSTEMPATH\Boot.php(325): CodeIgniter\CodeIgniter->run()
12 SYSTEMPATH\Boot.php(67): CodeIgniter\Boot::runCodeIgniter(Object(CodeIgniter\CodeIgniter))
13 FCPATH\index.php(56): CodeIgniter\Boot::bootWeb(Object(Config\Paths))
CRITICAL - 2024-07-12 15:42:09 --> [Caused by] mysqli_sql_exception: Table 'ecommerce.products' doesn't exist
in SYSTEMPATH\Database\MySQLi\Connection.php on line 312.
 1 SYSTEMPATH\Database\MySQLi\Connection.php(312): mysqli->query('INSERT INTO `products` (`product_name`, `prod_description`, `prod_qty`, `prod_price`) VALUES (\'product1\', \'test\', \'5\', \'2500\')', 0)
 2 SYSTEMPATH\Database\BaseConnection.php(734): CodeIgniter\Database\MySQLi\Connection->execute('INSERT INTO `products` (`product_name`, `prod_description`, `prod_qty`, `prod_price`) VALUES (\'product1\', \'test\', \'5\', \'2500\')')
 3 SYSTEMPATH\Database\BaseConnection.php(648): CodeIgniter\Database\BaseConnection->simpleQuery('INSERT INTO `products` (`product_name`, `prod_description`, `prod_qty`, `prod_price`) VALUES (\'product1\', \'test\', \'5\', \'2500\')')
 4 SYSTEMPATH\Database\BaseBuilder.php(2332): CodeIgniter\Database\BaseConnection->query('INSERT INTO `products` (`product_name`, `prod_description`, `prod_qty`, `prod_price`) VALUES (:product_name:, :prod_description:, :prod_qty:, :prod_price:)', [...], false)
 5 SYSTEMPATH\Model.php(394): CodeIgniter\Database\BaseBuilder->insert()
 6 SYSTEMPATH\BaseModel.php(840): CodeIgniter\Model->doInsert([...])
 7 SYSTEMPATH\Model.php(802): CodeIgniter\BaseModel->insert([...], true)
 8 APPPATH\Controllers\Admin.php(24): CodeIgniter\Model->insert([...])
 9 SYSTEMPATH\CodeIgniter.php(933): App\Controllers\Admin->saveProduct()
10 SYSTEMPATH\CodeIgniter.php(509): CodeIgniter\CodeIgniter->runController(Object(App\Controllers\Admin))
11 SYSTEMPATH\CodeIgniter.php(355): CodeIgniter\CodeIgniter->handleRequest(null, Object(Config\Cache), false)
12 SYSTEMPATH\Boot.php(325): CodeIgniter\CodeIgniter->run()
13 SYSTEMPATH\Boot.php(67): CodeIgniter\Boot::runCodeIgniter(Object(CodeIgniter\CodeIgniter))
14 FCPATH\index.php(56): CodeIgniter\Boot::bootWeb(Object(Config\Paths))
ERROR - 2024-07-12 15:45:02 --> mysqli_sql_exception: Table 'ecommerce.products' doesn't exist in C:\xampp\htdocs\ecommerce\system\Database\MySQLi\Connection.php:312
Stack trace:
#0 C:\xampp\htdocs\ecommerce\system\Database\MySQLi\Connection.php(312): mysqli->query('INSERT INTO `pr...', 0)
#1 C:\xampp\htdocs\ecommerce\system\Database\BaseConnection.php(734): CodeIgniter\Database\MySQLi\Connection->execute('INSERT INTO `pr...')
#2 C:\xampp\htdocs\ecommerce\system\Database\BaseConnection.php(648): CodeIgniter\Database\BaseConnection->simpleQuery('INSERT INTO `pr...')
#3 C:\xampp\htdocs\ecommerce\system\Database\BaseBuilder.php(2332): CodeIgniter\Database\BaseConnection->query('INSERT INTO `pr...', Array, false)
#4 C:\xampp\htdocs\ecommerce\system\Model.php(394): CodeIgniter\Database\BaseBuilder->insert()
#5 C:\xampp\htdocs\ecommerce\system\BaseModel.php(840): CodeIgniter\Model->doInsert(Array)
#6 C:\xampp\htdocs\ecommerce\system\Model.php(802): CodeIgniter\BaseModel->insert(Array, true)
#7 C:\xampp\htdocs\ecommerce\app\Controllers\Admin.php(24): CodeIgniter\Model->insert(Array)
#8 C:\xampp\htdocs\ecommerce\system\CodeIgniter.php(933): App\Controllers\Admin->saveProduct()
#9 C:\xampp\htdocs\ecommerce\system\CodeIgniter.php(509): CodeIgniter\CodeIgniter->runController(Object(App\Controllers\Admin))
#10 C:\xampp\htdocs\ecommerce\system\CodeIgniter.php(355): CodeIgniter\CodeIgniter->handleRequest(NULL, Object(Config\Cache), false)
#11 C:\xampp\htdocs\ecommerce\system\Boot.php(325): CodeIgniter\CodeIgniter->run()
#12 C:\xampp\htdocs\ecommerce\system\Boot.php(67): CodeIgniter\Boot::runCodeIgniter(Object(CodeIgniter\CodeIgniter))
#13 C:\xampp\htdocs\ecommerce\public\index.php(56): CodeIgniter\Boot::bootWeb(Object(Config\Paths))
#14 {main}
CRITICAL - 2024-07-12 15:45:02 --> CodeIgniter\Database\Exceptions\DatabaseException: Table 'ecommerce.products' doesn't exist
[Method: POST, Route: admin/saveProduct]
in SYSTEMPATH\Database\BaseConnection.php on line 688.
 1 SYSTEMPATH\Database\BaseBuilder.php(2332): CodeIgniter\Database\BaseConnection->query('INSERT INTO `products` (`product_name`, `prod_description`, `prod_qty`, `prod_price`) VALUES (:product_name:, :prod_description:, :prod_qty:, :prod_price:)', [...], false)
 2 SYSTEMPATH\Model.php(394): CodeIgniter\Database\BaseBuilder->insert()
 3 SYSTEMPATH\BaseModel.php(840): CodeIgniter\Model->doInsert([...])
 4 SYSTEMPATH\Model.php(802): CodeIgniter\BaseModel->insert([...], true)
 5 APPPATH\Controllers\Admin.php(24): CodeIgniter\Model->insert([...])
 6 SYSTEMPATH\CodeIgniter.php(933): App\Controllers\Admin->saveProduct()
 7 SYSTEMPATH\CodeIgniter.php(509): CodeIgniter\CodeIgniter->runController(Object(App\Controllers\Admin))
 8 SYSTEMPATH\CodeIgniter.php(355): CodeIgniter\CodeIgniter->handleRequest(null, Object(Config\Cache), false)
 9 SYSTEMPATH\Boot.php(325): CodeIgniter\CodeIgniter->run()
10 SYSTEMPATH\Boot.php(67): CodeIgniter\Boot::runCodeIgniter(Object(CodeIgniter\CodeIgniter))
11 FCPATH\index.php(56): CodeIgniter\Boot::bootWeb(Object(Config\Paths))
CRITICAL - 2024-07-12 15:45:02 --> [Caused by] CodeIgniter\Database\Exceptions\DatabaseException: Table 'ecommerce.products' doesn't exist
in SYSTEMPATH\Database\MySQLi\Connection.php on line 317.
 1 SYSTEMPATH\Database\BaseConnection.php(734): CodeIgniter\Database\MySQLi\Connection->execute('INSERT INTO `products` (`product_name`, `prod_description`, `prod_qty`, `prod_price`) VALUES (\'product1\', \'test\', \'5\', \'2500\')')
 2 SYSTEMPATH\Database\BaseConnection.php(648): CodeIgniter\Database\BaseConnection->simpleQuery('INSERT INTO `products` (`product_name`, `prod_description`, `prod_qty`, `prod_price`) VALUES (\'product1\', \'test\', \'5\', \'2500\')')
 3 SYSTEMPATH\Database\BaseBuilder.php(2332): CodeIgniter\Database\BaseConnection->query('INSERT INTO `products` (`product_name`, `prod_description`, `prod_qty`, `prod_price`) VALUES (:product_name:, :prod_description:, :prod_qty:, :prod_price:)', [...], false)
 4 SYSTEMPATH\Model.php(394): CodeIgniter\Database\BaseBuilder->insert()
 5 SYSTEMPATH\BaseModel.php(840): CodeIgniter\Model->doInsert([...])
 6 SYSTEMPATH\Model.php(802): CodeIgniter\BaseModel->insert([...], true)
 7 APPPATH\Controllers\Admin.php(24): CodeIgniter\Model->insert([...])
 8 SYSTEMPATH\CodeIgniter.php(933): App\Controllers\Admin->saveProduct()
 9 SYSTEMPATH\CodeIgniter.php(509): CodeIgniter\CodeIgniter->runController(Object(App\Controllers\Admin))
10 SYSTEMPATH\CodeIgniter.php(355): CodeIgniter\CodeIgniter->handleRequest(null, Object(Config\Cache), false)
11 SYSTEMPATH\Boot.php(325): CodeIgniter\CodeIgniter->run()
12 SYSTEMPATH\Boot.php(67): CodeIgniter\Boot::runCodeIgniter(Object(CodeIgniter\CodeIgniter))
13 FCPATH\index.php(56): CodeIgniter\Boot::bootWeb(Object(Config\Paths))
CRITICAL - 2024-07-12 15:45:02 --> [Caused by] mysqli_sql_exception: Table 'ecommerce.products' doesn't exist
in SYSTEMPATH\Database\MySQLi\Connection.php on line 312.
 1 SYSTEMPATH\Database\MySQLi\Connection.php(312): mysqli->query('INSERT INTO `products` (`product_name`, `prod_description`, `prod_qty`, `prod_price`) VALUES (\'product1\', \'test\', \'5\', \'2500\')', 0)
 2 SYSTEMPATH\Database\BaseConnection.php(734): CodeIgniter\Database\MySQLi\Connection->execute('INSERT INTO `products` (`product_name`, `prod_description`, `prod_qty`, `prod_price`) VALUES (\'product1\', \'test\', \'5\', \'2500\')')
 3 SYSTEMPATH\Database\BaseConnection.php(648): CodeIgniter\Database\BaseConnection->simpleQuery('INSERT INTO `products` (`product_name`, `prod_description`, `prod_qty`, `prod_price`) VALUES (\'product1\', \'test\', \'5\', \'2500\')')
 4 SYSTEMPATH\Database\BaseBuilder.php(2332): CodeIgniter\Database\BaseConnection->query('INSERT INTO `products` (`product_name`, `prod_description`, `prod_qty`, `prod_price`) VALUES (:product_name:, :prod_description:, :prod_qty:, :prod_price:)', [...], false)
 5 SYSTEMPATH\Model.php(394): CodeIgniter\Database\BaseBuilder->insert()
 6 SYSTEMPATH\BaseModel.php(840): CodeIgniter\Model->doInsert([...])
 7 SYSTEMPATH\Model.php(802): CodeIgniter\BaseModel->insert([...], true)
 8 APPPATH\Controllers\Admin.php(24): CodeIgniter\Model->insert([...])
 9 SYSTEMPATH\CodeIgniter.php(933): App\Controllers\Admin->saveProduct()
10 SYSTEMPATH\CodeIgniter.php(509): CodeIgniter\CodeIgniter->runController(Object(App\Controllers\Admin))
11 SYSTEMPATH\CodeIgniter.php(355): CodeIgniter\CodeIgniter->handleRequest(null, Object(Config\Cache), false)
12 SYSTEMPATH\Boot.php(325): CodeIgniter\CodeIgniter->run()
13 SYSTEMPATH\Boot.php(67): CodeIgniter\Boot::runCodeIgniter(Object(CodeIgniter\CodeIgniter))
14 FCPATH\index.php(56): CodeIgniter\Boot::bootWeb(Object(Config\Paths))
ERROR - 2024-07-12 18:42:35 --> mysqli_sql_exception: Column 'product_id' cannot be null in C:\xampp\htdocs\ecommerce\system\Database\MySQLi\Connection.php:312
Stack trace:
#0 C:\xampp\htdocs\ecommerce\system\Database\MySQLi\Connection.php(312): mysqli->query('INSERT INTO `cu...', 0)
#1 C:\xampp\htdocs\ecommerce\system\Database\BaseConnection.php(734): CodeIgniter\Database\MySQLi\Connection->execute('INSERT INTO `cu...')
#2 C:\xampp\htdocs\ecommerce\system\Database\BaseConnection.php(648): CodeIgniter\Database\BaseConnection->simpleQuery('INSERT INTO `cu...')
#3 C:\xampp\htdocs\ecommerce\system\Database\BaseBuilder.php(2332): CodeIgniter\Database\BaseConnection->query('INSERT INTO `cu...', Array, false)
#4 C:\xampp\htdocs\ecommerce\system\Model.php(394): CodeIgniter\Database\BaseBuilder->insert()
#5 C:\xampp\htdocs\ecommerce\system\BaseModel.php(840): CodeIgniter\Model->doInsert(Array)
#6 C:\xampp\htdocs\ecommerce\system\Model.php(802): CodeIgniter\BaseModel->insert(Array, true)
#7 C:\xampp\htdocs\ecommerce\app\Controllers\Customer.php(27): CodeIgniter\Model->insert(Array)
#8 C:\xampp\htdocs\ecommerce\system\CodeIgniter.php(933): App\Controllers\Customer->Dashboard2('$1')
#9 C:\xampp\htdocs\ecommerce\system\CodeIgniter.php(509): CodeIgniter\CodeIgniter->runController(Object(App\Controllers\Customer))
#10 C:\xampp\htdocs\ecommerce\system\CodeIgniter.php(355): CodeIgniter\CodeIgniter->handleRequest(NULL, Object(Config\Cache), false)
#11 C:\xampp\htdocs\ecommerce\system\Boot.php(325): CodeIgniter\CodeIgniter->run()
#12 C:\xampp\htdocs\ecommerce\system\Boot.php(67): CodeIgniter\Boot::runCodeIgniter(Object(CodeIgniter\CodeIgniter))
#13 C:\xampp\htdocs\ecommerce\public\index.php(56): CodeIgniter\Boot::bootWeb(Object(Config\Paths))
#14 {main}
CRITICAL - 2024-07-12 18:42:35 --> CodeIgniter\Database\Exceptions\DatabaseException: Column 'product_id' cannot be null
[Method: GET, Route: customer/dashboard2]
in SYSTEMPATH\Database\BaseConnection.php on line 688.
 1 SYSTEMPATH\Database\BaseBuilder.php(2332): CodeIgniter\Database\BaseConnection->query('INSERT INTO `customer_products` (`product_id`, `quantity`) VALUES (:product_id:, :quantity:)', [...], false)
 2 SYSTEMPATH\Model.php(394): CodeIgniter\Database\BaseBuilder->insert()
 3 SYSTEMPATH\BaseModel.php(840): CodeIgniter\Model->doInsert([...])
 4 SYSTEMPATH\Model.php(802): CodeIgniter\BaseModel->insert([...], true)
 5 APPPATH\Controllers\Customer.php(27): CodeIgniter\Model->insert([...])
 6 SYSTEMPATH\CodeIgniter.php(933): App\Controllers\Customer->Dashboard2('$1')
 7 SYSTEMPATH\CodeIgniter.php(509): CodeIgniter\CodeIgniter->runController(Object(App\Controllers\Customer))
 8 SYSTEMPATH\CodeIgniter.php(355): CodeIgniter\CodeIgniter->handleRequest(null, Object(Config\Cache), false)
 9 SYSTEMPATH\Boot.php(325): CodeIgniter\CodeIgniter->run()
10 SYSTEMPATH\Boot.php(67): CodeIgniter\Boot::runCodeIgniter(Object(CodeIgniter\CodeIgniter))
11 FCPATH\index.php(56): CodeIgniter\Boot::bootWeb(Object(Config\Paths))
CRITICAL - 2024-07-12 18:42:35 --> [Caused by] CodeIgniter\Database\Exceptions\DatabaseException: Column 'product_id' cannot be null
in SYSTEMPATH\Database\MySQLi\Connection.php on line 317.
 1 SYSTEMPATH\Database\BaseConnection.php(734): CodeIgniter\Database\MySQLi\Connection->execute('INSERT INTO `customer_products` (`product_id`, `quantity`) VALUES (NULL, NULL)')
 2 SYSTEMPATH\Database\BaseConnection.php(648): CodeIgniter\Database\BaseConnection->simpleQuery('INSERT INTO `customer_products` (`product_id`, `quantity`) VALUES (NULL, NULL)')
 3 SYSTEMPATH\Database\BaseBuilder.php(2332): CodeIgniter\Database\BaseConnection->query('INSERT INTO `customer_products` (`product_id`, `quantity`) VALUES (:product_id:, :quantity:)', [...], false)
 4 SYSTEMPATH\Model.php(394): CodeIgniter\Database\BaseBuilder->insert()
 5 SYSTEMPATH\BaseModel.php(840): CodeIgniter\Model->doInsert([...])
 6 SYSTEMPATH\Model.php(802): CodeIgniter\BaseModel->insert([...], true)
 7 APPPATH\Controllers\Customer.php(27): CodeIgniter\Model->insert([...])
 8 SYSTEMPATH\CodeIgniter.php(933): App\Controllers\Customer->Dashboard2('$1')
 9 SYSTEMPATH\CodeIgniter.php(509): CodeIgniter\CodeIgniter->runController(Object(App\Controllers\Customer))
10 SYSTEMPATH\CodeIgniter.php(355): CodeIgniter\CodeIgniter->handleRequest(null, Object(Config\Cache), false)
11 SYSTEMPATH\Boot.php(325): CodeIgniter\CodeIgniter->run()
12 SYSTEMPATH\Boot.php(67): CodeIgniter\Boot::runCodeIgniter(Object(CodeIgniter\CodeIgniter))
13 FCPATH\index.php(56): CodeIgniter\Boot::bootWeb(Object(Config\Paths))
CRITICAL - 2024-07-12 18:42:35 --> [Caused by] mysqli_sql_exception: Column 'product_id' cannot be null
in SYSTEMPATH\Database\MySQLi\Connection.php on line 312.
 1 SYSTEMPATH\Database\MySQLi\Connection.php(312): mysqli->query('INSERT INTO `customer_products` (`product_id`, `quantity`) VALUES (NULL, NULL)', 0)
 2 SYSTEMPATH\Database\BaseConnection.php(734): CodeIgniter\Database\MySQLi\Connection->execute('INSERT INTO `customer_products` (`product_id`, `quantity`) VALUES (NULL, NULL)')
 3 SYSTEMPATH\Database\BaseConnection.php(648): CodeIgniter\Database\BaseConnection->simpleQuery('INSERT INTO `customer_products` (`product_id`, `quantity`) VALUES (NULL, NULL)')
 4 SYSTEMPATH\Database\BaseBuilder.php(2332): CodeIgniter\Database\BaseConnection->query('INSERT INTO `customer_products` (`product_id`, `quantity`) VALUES (:product_id:, :quantity:)', [...], false)
 5 SYSTEMPATH\Model.php(394): CodeIgniter\Database\BaseBuilder->insert()
 6 SYSTEMPATH\BaseModel.php(840): CodeIgniter\Model->doInsert([...])
 7 SYSTEMPATH\Model.php(802): CodeIgniter\BaseModel->insert([...], true)
 8 APPPATH\Controllers\Customer.php(27): CodeIgniter\Model->insert([...])
 9 SYSTEMPATH\CodeIgniter.php(933): App\Controllers\Customer->Dashboard2('$1')
10 SYSTEMPATH\CodeIgniter.php(509): CodeIgniter\CodeIgniter->runController(Object(App\Controllers\Customer))
11 SYSTEMPATH\CodeIgniter.php(355): CodeIgniter\CodeIgniter->handleRequest(null, Object(Config\Cache), false)
12 SYSTEMPATH\Boot.php(325): CodeIgniter\CodeIgniter->run()
13 SYSTEMPATH\Boot.php(67): CodeIgniter\Boot::runCodeIgniter(Object(CodeIgniter\CodeIgniter))
14 FCPATH\index.php(56): CodeIgniter\Boot::bootWeb(Object(Config\Paths))
CRITICAL - 2024-07-12 18:44:25 --> ParseError: Unclosed '{' on line 6
[Method: GET, Route: customer/dashboard]
in APPPATH\Controllers\Customer.php on line 47.
 1 SYSTEMPATH\Autoloader\Autoloader.php(296): CodeIgniter\Autoloader\Autoloader->includeFile('C:\\xampp\\htdocs\\ecommerce\\app\\Controllers\\Customer.php')
 2 SYSTEMPATH\Autoloader\Autoloader.php(272): CodeIgniter\Autoloader\Autoloader->loadInNamespace('App\\Controllers\\Customer')
 3 [internal function]: CodeIgniter\Autoloader\Autoloader->loadClass('App\\Controllers\\Customer')
 4 SYSTEMPATH\CodeIgniter.php(887): class_exists('\\App\\Controllers\\Customer', true)
 5 SYSTEMPATH\CodeIgniter.php(496): CodeIgniter\CodeIgniter->startController()
 6 SYSTEMPATH\CodeIgniter.php(355): CodeIgniter\CodeIgniter->handleRequest(null, Object(Config\Cache), false)
 7 SYSTEMPATH\Boot.php(325): CodeIgniter\CodeIgniter->run()
 8 SYSTEMPATH\Boot.php(67): CodeIgniter\Boot::runCodeIgniter(Object(CodeIgniter\CodeIgniter))
 9 FCPATH\index.php(56): CodeIgniter\Boot::bootWeb(Object(Config\Paths))
CRITICAL - 2024-07-12 20:27:16 --> Error: Call to undefined method App\Controllers\Customer::select()
[Method: GET, Route: customer/getCustomerProducts]
in APPPATH\Controllers\Customer.php on line 87.
 1 SYSTEMPATH\CodeIgniter.php(933): App\Controllers\Customer->getCustomerProducts()
 2 SYSTEMPATH\CodeIgniter.php(509): CodeIgniter\CodeIgniter->runController(Object(App\Controllers\Customer))
 3 SYSTEMPATH\CodeIgniter.php(355): CodeIgniter\CodeIgniter->handleRequest(null, Object(Config\Cache), false)
 4 SYSTEMPATH\Boot.php(325): CodeIgniter\CodeIgniter->run()
 5 SYSTEMPATH\Boot.php(67): CodeIgniter\Boot::runCodeIgniter(Object(CodeIgniter\CodeIgniter))
 6 FCPATH\index.php(56): CodeIgniter\Boot::bootWeb(Object(Config\Paths))
ERROR - 2024-07-12 20:29:24 --> mysqli_sql_exception: Unknown column 'customer_products.price' in 'field list' in C:\xampp\htdocs\ecommerce\system\Database\MySQLi\Connection.php:312
Stack trace:
#0 C:\xampp\htdocs\ecommerce\system\Database\MySQLi\Connection.php(312): mysqli->query('SELECT `custome...', 0)
#1 C:\xampp\htdocs\ecommerce\system\Database\BaseConnection.php(734): CodeIgniter\Database\MySQLi\Connection->execute('SELECT `custome...')
#2 C:\xampp\htdocs\ecommerce\system\Database\BaseConnection.php(648): CodeIgniter\Database\BaseConnection->simpleQuery('SELECT `custome...')
#3 C:\xampp\htdocs\ecommerce\system\Database\BaseBuilder.php(1636): CodeIgniter\Database\BaseConnection->query('SELECT `custome...', Array, false)
#4 C:\xampp\htdocs\ecommerce\system\Model.php(286): CodeIgniter\Database\BaseBuilder->get()
#5 C:\xampp\htdocs\ecommerce\system\BaseModel.php(676): CodeIgniter\Model->doFindAll(0, 0)
#6 C:\xampp\htdocs\ecommerce\app\Controllers\Customer.php(90): CodeIgniter\BaseModel->findAll()
#7 C:\xampp\htdocs\ecommerce\system\CodeIgniter.php(933): App\Controllers\Customer->getCustomerProducts()
#8 C:\xampp\htdocs\ecommerce\system\CodeIgniter.php(509): CodeIgniter\CodeIgniter->runController(Object(App\Controllers\Customer))
#9 C:\xampp\htdocs\ecommerce\system\CodeIgniter.php(355): CodeIgniter\CodeIgniter->handleRequest(NULL, Object(Config\Cache), false)
#10 C:\xampp\htdocs\ecommerce\system\Boot.php(325): CodeIgniter\CodeIgniter->run()
#11 C:\xampp\htdocs\ecommerce\system\Boot.php(67): CodeIgniter\Boot::runCodeIgniter(Object(CodeIgniter\CodeIgniter))
#12 C:\xampp\htdocs\ecommerce\public\index.php(56): CodeIgniter\Boot::bootWeb(Object(Config\Paths))
#13 {main}
CRITICAL - 2024-07-12 20:29:24 --> CodeIgniter\Database\Exceptions\DatabaseException: Unknown column 'customer_products.price' in 'field list'
[Method: GET, Route: customer/getCustomerProducts]
in SYSTEMPATH\Database\BaseConnection.php on line 688.
 1 SYSTEMPATH\Database\BaseBuilder.php(1636): CodeIgniter\Database\BaseConnection->query('SELECT `customer_products`.`id`, `customer_products`.`product_id`, `products`.`product_name`, `customer_products`.`quantity`, `customer_products`.`created_at`, `customer_products`.`price`
FROM `customer_products`
JOIN `products` ON `products`.`id` = `customer_products`.`product_id`', [], false)
 2 SYSTEMPATH\Model.php(286): CodeIgniter\Database\BaseBuilder->get()
 3 SYSTEMPATH\BaseModel.php(676): CodeIgniter\Model->doFindAll(0, 0)
 4 APPPATH\Controllers\Customer.php(90): CodeIgniter\BaseModel->findAll()
 5 SYSTEMPATH\CodeIgniter.php(933): App\Controllers\Customer->getCustomerProducts()
 6 SYSTEMPATH\CodeIgniter.php(509): CodeIgniter\CodeIgniter->runController(Object(App\Controllers\Customer))
 7 SYSTEMPATH\CodeIgniter.php(355): CodeIgniter\CodeIgniter->handleRequest(null, Object(Config\Cache), false)
 8 SYSTEMPATH\Boot.php(325): CodeIgniter\CodeIgniter->run()
 9 SYSTEMPATH\Boot.php(67): CodeIgniter\Boot::runCodeIgniter(Object(CodeIgniter\CodeIgniter))
10 FCPATH\index.php(56): CodeIgniter\Boot::bootWeb(Object(Config\Paths))
CRITICAL - 2024-07-12 20:29:24 --> [Caused by] CodeIgniter\Database\Exceptions\DatabaseException: Unknown column 'customer_products.price' in 'field list'
in SYSTEMPATH\Database\MySQLi\Connection.php on line 317.
 1 SYSTEMPATH\Database\BaseConnection.php(734): CodeIgniter\Database\MySQLi\Connection->execute('SELECT `customer_products`.`id`, `customer_products`.`product_id`, `products`.`product_name`, `customer_products`.`quantity`, `customer_products`.`created_at`, `customer_products`.`price`
FROM `customer_products`
JOIN `products` ON `products`.`id` = `customer_products`.`product_id`')
 2 SYSTEMPATH\Database\BaseConnection.php(648): CodeIgniter\Database\BaseConnection->simpleQuery('SELECT `customer_products`.`id`, `customer_products`.`product_id`, `products`.`product_name`, `customer_products`.`quantity`, `customer_products`.`created_at`, `customer_products`.`price`
FROM `customer_products`
JOIN `products` ON `products`.`id` = `customer_products`.`product_id`')
 3 SYSTEMPATH\Database\BaseBuilder.php(1636): CodeIgniter\Database\BaseConnection->query('SELECT `customer_products`.`id`, `customer_products`.`product_id`, `products`.`product_name`, `customer_products`.`quantity`, `customer_products`.`created_at`, `customer_products`.`price`
FROM `customer_products`
JOIN `products` ON `products`.`id` = `customer_products`.`product_id`', [], false)
 4 SYSTEMPATH\Model.php(286): CodeIgniter\Database\BaseBuilder->get()
 5 SYSTEMPATH\BaseModel.php(676): CodeIgniter\Model->doFindAll(0, 0)
 6 APPPATH\Controllers\Customer.php(90): CodeIgniter\BaseModel->findAll()
 7 SYSTEMPATH\CodeIgniter.php(933): App\Controllers\Customer->getCustomerProducts()
 8 SYSTEMPATH\CodeIgniter.php(509): CodeIgniter\CodeIgniter->runController(Object(App\Controllers\Customer))
 9 SYSTEMPATH\CodeIgniter.php(355): CodeIgniter\CodeIgniter->handleRequest(null, Object(Config\Cache), false)
10 SYSTEMPATH\Boot.php(325): CodeIgniter\CodeIgniter->run()
11 SYSTEMPATH\Boot.php(67): CodeIgniter\Boot::runCodeIgniter(Object(CodeIgniter\CodeIgniter))
12 FCPATH\index.php(56): CodeIgniter\Boot::bootWeb(Object(Config\Paths))
CRITICAL - 2024-07-12 20:29:24 --> [Caused by] mysqli_sql_exception: Unknown column 'customer_products.price' in 'field list'
in SYSTEMPATH\Database\MySQLi\Connection.php on line 312.
 1 SYSTEMPATH\Database\MySQLi\Connection.php(312): mysqli->query('SELECT `customer_products`.`id`, `customer_products`.`product_id`, `products`.`product_name`, `customer_products`.`quantity`, `customer_products`.`created_at`, `customer_products`.`price`
FROM `customer_products`
JOIN `products` ON `products`.`id` = `customer_products`.`product_id`', 0)
 2 SYSTEMPATH\Database\BaseConnection.php(734): CodeIgniter\Database\MySQLi\Connection->execute('SELECT `customer_products`.`id`, `customer_products`.`product_id`, `products`.`product_name`, `customer_products`.`quantity`, `customer_products`.`created_at`, `customer_products`.`price`
FROM `customer_products`
JOIN `products` ON `products`.`id` = `customer_products`.`product_id`')
 3 SYSTEMPATH\Database\BaseConnection.php(648): CodeIgniter\Database\BaseConnection->simpleQuery('SELECT `customer_products`.`id`, `customer_products`.`product_id`, `products`.`product_name`, `customer_products`.`quantity`, `customer_products`.`created_at`, `customer_products`.`price`
FROM `customer_products`
JOIN `products` ON `products`.`id` = `customer_products`.`product_id`')
 4 SYSTEMPATH\Database\BaseBuilder.php(1636): CodeIgniter\Database\BaseConnection->query('SELECT `customer_products`.`id`, `customer_products`.`product_id`, `products`.`product_name`, `customer_products`.`quantity`, `customer_products`.`created_at`, `customer_products`.`price`
FROM `customer_products`
JOIN `products` ON `products`.`id` = `customer_products`.`product_id`', [], false)
 5 SYSTEMPATH\Model.php(286): CodeIgniter\Database\BaseBuilder->get()
 6 SYSTEMPATH\BaseModel.php(676): CodeIgniter\Model->doFindAll(0, 0)
 7 APPPATH\Controllers\Customer.php(90): CodeIgniter\BaseModel->findAll()
 8 SYSTEMPATH\CodeIgniter.php(933): App\Controllers\Customer->getCustomerProducts()
 9 SYSTEMPATH\CodeIgniter.php(509): CodeIgniter\CodeIgniter->runController(Object(App\Controllers\Customer))
10 SYSTEMPATH\CodeIgniter.php(355): CodeIgniter\CodeIgniter->handleRequest(null, Object(Config\Cache), false)
11 SYSTEMPATH\Boot.php(325): CodeIgniter\CodeIgniter->run()
12 SYSTEMPATH\Boot.php(67): CodeIgniter\Boot::runCodeIgniter(Object(CodeIgniter\CodeIgniter))
13 FCPATH\index.php(56): CodeIgniter\Boot::bootWeb(Object(Config\Paths))
ERROR - 2024-07-12 20:30:17 --> mysqli_sql_exception: Unknown column 'customer_products.prod_price' in 'field list' in C:\xampp\htdocs\ecommerce\system\Database\MySQLi\Connection.php:312
Stack trace:
#0 C:\xampp\htdocs\ecommerce\system\Database\MySQLi\Connection.php(312): mysqli->query('SELECT `custome...', 0)
#1 C:\xampp\htdocs\ecommerce\system\Database\BaseConnection.php(734): CodeIgniter\Database\MySQLi\Connection->execute('SELECT `custome...')
#2 C:\xampp\htdocs\ecommerce\system\Database\BaseConnection.php(648): CodeIgniter\Database\BaseConnection->simpleQuery('SELECT `custome...')
#3 C:\xampp\htdocs\ecommerce\system\Database\BaseBuilder.php(1636): CodeIgniter\Database\BaseConnection->query('SELECT `custome...', Array, false)
#4 C:\xampp\htdocs\ecommerce\system\Model.php(286): CodeIgniter\Database\BaseBuilder->get()
#5 C:\xampp\htdocs\ecommerce\system\BaseModel.php(676): CodeIgniter\Model->doFindAll(0, 0)
#6 C:\xampp\htdocs\ecommerce\app\Controllers\Customer.php(90): CodeIgniter\BaseModel->findAll()
#7 C:\xampp\htdocs\ecommerce\system\CodeIgniter.php(933): App\Controllers\Customer->getCustomerProducts()
#8 C:\xampp\htdocs\ecommerce\system\CodeIgniter.php(509): CodeIgniter\CodeIgniter->runController(Object(App\Controllers\Customer))
#9 C:\xampp\htdocs\ecommerce\system\CodeIgniter.php(355): CodeIgniter\CodeIgniter->handleRequest(NULL, Object(Config\Cache), false)
#10 C:\xampp\htdocs\ecommerce\system\Boot.php(325): CodeIgniter\CodeIgniter->run()
#11 C:\xampp\htdocs\ecommerce\system\Boot.php(67): CodeIgniter\Boot::runCodeIgniter(Object(CodeIgniter\CodeIgniter))
#12 C:\xampp\htdocs\ecommerce\public\index.php(56): CodeIgniter\Boot::bootWeb(Object(Config\Paths))
#13 {main}
CRITICAL - 2024-07-12 20:30:17 --> CodeIgniter\Database\Exceptions\DatabaseException: Unknown column 'customer_products.prod_price' in 'field list'
[Method: GET, Route: customer/getCustomerProducts]
in SYSTEMPATH\Database\BaseConnection.php on line 688.
 1 SYSTEMPATH\Database\BaseBuilder.php(1636): CodeIgniter\Database\BaseConnection->query('SELECT `customer_products`.`id`, `customer_products`.`product_id`, `products`.`product_name`, `customer_products`.`quantity`, `customer_products`.`created_at`, `customer_products`.`prod_price`
FROM `customer_products`
JOIN `products` ON `products`.`id` = `customer_products`.`product_id`', [], false)
 2 SYSTEMPATH\Model.php(286): CodeIgniter\Database\BaseBuilder->get()
 3 SYSTEMPATH\BaseModel.php(676): CodeIgniter\Model->doFindAll(0, 0)
 4 APPPATH\Controllers\Customer.php(90): CodeIgniter\BaseModel->findAll()
 5 SYSTEMPATH\CodeIgniter.php(933): App\Controllers\Customer->getCustomerProducts()
 6 SYSTEMPATH\CodeIgniter.php(509): CodeIgniter\CodeIgniter->runController(Object(App\Controllers\Customer))
 7 SYSTEMPATH\CodeIgniter.php(355): CodeIgniter\CodeIgniter->handleRequest(null, Object(Config\Cache), false)
 8 SYSTEMPATH\Boot.php(325): CodeIgniter\CodeIgniter->run()
 9 SYSTEMPATH\Boot.php(67): CodeIgniter\Boot::runCodeIgniter(Object(CodeIgniter\CodeIgniter))
10 FCPATH\index.php(56): CodeIgniter\Boot::bootWeb(Object(Config\Paths))
CRITICAL - 2024-07-12 20:30:17 --> [Caused by] CodeIgniter\Database\Exceptions\DatabaseException: Unknown column 'customer_products.prod_price' in 'field list'
in SYSTEMPATH\Database\MySQLi\Connection.php on line 317.
 1 SYSTEMPATH\Database\BaseConnection.php(734): CodeIgniter\Database\MySQLi\Connection->execute('SELECT `customer_products`.`id`, `customer_products`.`product_id`, `products`.`product_name`, `customer_products`.`quantity`, `customer_products`.`created_at`, `customer_products`.`prod_price`
FROM `customer_products`
JOIN `products` ON `products`.`id` = `customer_products`.`product_id`')
 2 SYSTEMPATH\Database\BaseConnection.php(648): CodeIgniter\Database\BaseConnection->simpleQuery('SELECT `customer_products`.`id`, `customer_products`.`product_id`, `products`.`product_name`, `customer_products`.`quantity`, `customer_products`.`created_at`, `customer_products`.`prod_price`
FROM `customer_products`
JOIN `products` ON `products`.`id` = `customer_products`.`product_id`')
 3 SYSTEMPATH\Database\BaseBuilder.php(1636): CodeIgniter\Database\BaseConnection->query('SELECT `customer_products`.`id`, `customer_products`.`product_id`, `products`.`product_name`, `customer_products`.`quantity`, `customer_products`.`created_at`, `customer_products`.`prod_price`
FROM `customer_products`
JOIN `products` ON `products`.`id` = `customer_products`.`product_id`', [], false)
 4 SYSTEMPATH\Model.php(286): CodeIgniter\Database\BaseBuilder->get()
 5 SYSTEMPATH\BaseModel.php(676): CodeIgniter\Model->doFindAll(0, 0)
 6 APPPATH\Controllers\Customer.php(90): CodeIgniter\BaseModel->findAll()
 7 SYSTEMPATH\CodeIgniter.php(933): App\Controllers\Customer->getCustomerProducts()
 8 SYSTEMPATH\CodeIgniter.php(509): CodeIgniter\CodeIgniter->runController(Object(App\Controllers\Customer))
 9 SYSTEMPATH\CodeIgniter.php(355): CodeIgniter\CodeIgniter->handleRequest(null, Object(Config\Cache), false)
10 SYSTEMPATH\Boot.php(325): CodeIgniter\CodeIgniter->run()
11 SYSTEMPATH\Boot.php(67): CodeIgniter\Boot::runCodeIgniter(Object(CodeIgniter\CodeIgniter))
12 FCPATH\index.php(56): CodeIgniter\Boot::bootWeb(Object(Config\Paths))
CRITICAL - 2024-07-12 20:30:17 --> [Caused by] mysqli_sql_exception: Unknown column 'customer_products.prod_price' in 'field list'
in SYSTEMPATH\Database\MySQLi\Connection.php on line 312.
 1 SYSTEMPATH\Database\MySQLi\Connection.php(312): mysqli->query('SELECT `customer_products`.`id`, `customer_products`.`product_id`, `products`.`product_name`, `customer_products`.`quantity`, `customer_products`.`created_at`, `customer_products`.`prod_price`
FROM `customer_products`
JOIN `products` ON `products`.`id` = `customer_products`.`product_id`', 0)
 2 SYSTEMPATH\Database\BaseConnection.php(734): CodeIgniter\Database\MySQLi\Connection->execute('SELECT `customer_products`.`id`, `customer_products`.`product_id`, `products`.`product_name`, `customer_products`.`quantity`, `customer_products`.`created_at`, `customer_products`.`prod_price`
FROM `customer_products`
JOIN `products` ON `products`.`id` = `customer_products`.`product_id`')
 3 SYSTEMPATH\Database\BaseConnection.php(648): CodeIgniter\Database\BaseConnection->simpleQuery('SELECT `customer_products`.`id`, `customer_products`.`product_id`, `products`.`product_name`, `customer_products`.`quantity`, `customer_products`.`created_at`, `customer_products`.`prod_price`
FROM `customer_products`
JOIN `products` ON `products`.`id` = `customer_products`.`product_id`')
 4 SYSTEMPATH\Database\BaseBuilder.php(1636): CodeIgniter\Database\BaseConnection->query('SELECT `customer_products`.`id`, `customer_products`.`product_id`, `products`.`product_name`, `customer_products`.`quantity`, `customer_products`.`created_at`, `customer_products`.`prod_price`
FROM `customer_products`
JOIN `products` ON `products`.`id` = `customer_products`.`product_id`', [], false)
 5 SYSTEMPATH\Model.php(286): CodeIgniter\Database\BaseBuilder->get()
 6 SYSTEMPATH\BaseModel.php(676): CodeIgniter\Model->doFindAll(0, 0)
 7 APPPATH\Controllers\Customer.php(90): CodeIgniter\BaseModel->findAll()
 8 SYSTEMPATH\CodeIgniter.php(933): App\Controllers\Customer->getCustomerProducts()
 9 SYSTEMPATH\CodeIgniter.php(509): CodeIgniter\CodeIgniter->runController(Object(App\Controllers\Customer))
10 SYSTEMPATH\CodeIgniter.php(355): CodeIgniter\CodeIgniter->handleRequest(null, Object(Config\Cache), false)
11 SYSTEMPATH\Boot.php(325): CodeIgniter\CodeIgniter->run()
12 SYSTEMPATH\Boot.php(67): CodeIgniter\Boot::runCodeIgniter(Object(CodeIgniter\CodeIgniter))
13 FCPATH\index.php(56): CodeIgniter\Boot::bootWeb(Object(Config\Paths))
