ERROR - 2024-07-13 06:06:09 --> Error connecting to the database: mysqli_sql_exception: No connection could be made because the target machine actively refused it in C:\xampp\htdocs\ecommerce\system\Database\MySQLi\Connection.php:187
Stack trace:
#0 C:\xampp\htdocs\ecommerce\system\Database\MySQLi\Connection.php(187): mysqli->real_connect('localhost', 'root', '', 'ecommerce', 3306, '', 0)
#1 C:\xampp\htdocs\ecommerce\system\Database\BaseConnection.php(421): CodeIgniter\Database\MySQLi\Connection->connect(false)
#2 C:\xampp\htdocs\ecommerce\system\Database\BaseConnection.php(616): CodeIgniter\Database\BaseConnection->initialize()
#3 C:\xampp\htdocs\ecommerce\system\Database\BaseBuilder.php(1636): CodeIgniter\Database\BaseConnection->query('SELECT *\nFROM `...', Array, false)
#4 C:\xampp\htdocs\ecommerce\system\Model.php(330): CodeIgniter\Database\BaseBuilder->get()
#5 C:\xampp\htdocs\ecommerce\system\BaseModel.php(714): CodeIgniter\Model->doFirst()
#6 C:\xampp\htdocs\ecommerce\app\Controllers\Login.php(23): CodeIgniter\BaseModel->first()
#7 C:\xampp\htdocs\ecommerce\system\CodeIgniter.php(933): App\Controllers\Login->authenticate()
#8 C:\xampp\htdocs\ecommerce\system\CodeIgniter.php(509): CodeIgniter\CodeIgniter->runController(Object(App\Controllers\Login))
#9 C:\xampp\htdocs\ecommerce\system\CodeIgniter.php(355): CodeIgniter\CodeIgniter->handleRequest(NULL, Object(Config\Cache), false)
#10 C:\xampp\htdocs\ecommerce\system\Boot.php(325): CodeIgniter\CodeIgniter->run()
#11 C:\xampp\htdocs\ecommerce\system\Boot.php(67): CodeIgniter\Boot::runCodeIgniter(Object(CodeIgniter\CodeIgniter))
#12 C:\xampp\htdocs\ecommerce\public\index.php(56): CodeIgniter\Boot::bootWeb(Object(Config\Paths))
#13 {main}

Next CodeIgniter\Database\Exceptions\DatabaseException: No connection could be made because the target machine actively refused it in C:\xampp\htdocs\ecommerce\system\Database\MySQLi\Connection.php:231
Stack trace:
#0 C:\xampp\htdocs\ecommerce\system\Database\BaseConnection.php(421): CodeIgniter\Database\MySQLi\Connection->connect(false)
#1 C:\xampp\htdocs\ecommerce\system\Database\BaseConnection.php(616): CodeIgniter\Database\BaseConnection->initialize()
#2 C:\xampp\htdocs\ecommerce\system\Database\BaseBuilder.php(1636): CodeIgniter\Database\BaseConnection->query('SELECT *\nFROM `...', Array, false)
#3 C:\xampp\htdocs\ecommerce\system\Model.php(330): CodeIgniter\Database\BaseBuilder->get()
#4 C:\xampp\htdocs\ecommerce\system\BaseModel.php(714): CodeIgniter\Model->doFirst()
#5 C:\xampp\htdocs\ecommerce\app\Controllers\Login.php(23): CodeIgniter\BaseModel->first()
#6 C:\xampp\htdocs\ecommerce\system\CodeIgniter.php(933): App\Controllers\Login->authenticate()
#7 C:\xampp\htdocs\ecommerce\system\CodeIgniter.php(509): CodeIgniter\CodeIgniter->runController(Object(App\Controllers\Login))
#8 C:\xampp\htdocs\ecommerce\system\CodeIgniter.php(355): CodeIgniter\CodeIgniter->handleRequest(NULL, Object(Config\Cache), false)
#9 C:\xampp\htdocs\ecommerce\system\Boot.php(325): CodeIgniter\CodeIgniter->run()
#10 C:\xampp\htdocs\ecommerce\system\Boot.php(67): CodeIgniter\Boot::runCodeIgniter(Object(CodeIgniter\CodeIgniter))
#11 C:\xampp\htdocs\ecommerce\public\index.php(56): CodeIgniter\Boot::bootWeb(Object(Config\Paths))
#12 {main}
CRITICAL - 2024-07-13 06:06:09 --> CodeIgniter\Database\Exceptions\DatabaseException: Unable to connect to the database.
Main connection [MySQLi]: No connection could be made because the target machine actively refused it
[Method: POST, Route: login/authenticate]
in SYSTEMPATH\Database\BaseConnection.php on line 467.
 1 SYSTEMPATH\Database\BaseConnection.php(616): CodeIgniter\Database\BaseConnection->initialize()
 2 SYSTEMPATH\Database\BaseBuilder.php(1636): CodeIgniter\Database\BaseConnection->query('SELECT *
FROM `user_login_table`
WHERE `name` = :name:
AND `password` = :password:
 LIMIT 1', [...], false)
 3 SYSTEMPATH\Model.php(330): CodeIgniter\Database\BaseBuilder->get()
 4 SYSTEMPATH\BaseModel.php(714): CodeIgniter\Model->doFirst()
 5 APPPATH\Controllers\Login.php(23): CodeIgniter\BaseModel->first()
 6 SYSTEMPATH\CodeIgniter.php(933): App\Controllers\Login->authenticate()
 7 SYSTEMPATH\CodeIgniter.php(509): CodeIgniter\CodeIgniter->runController(Object(App\Controllers\Login))
 8 SYSTEMPATH\CodeIgniter.php(355): CodeIgniter\CodeIgniter->handleRequest(null, Object(Config\Cache), false)
 9 SYSTEMPATH\Boot.php(325): CodeIgniter\CodeIgniter->run()
10 SYSTEMPATH\Boot.php(67): CodeIgniter\Boot::runCodeIgniter(Object(CodeIgniter\CodeIgniter))
11 FCPATH\index.php(56): CodeIgniter\Boot::bootWeb(Object(Config\Paths))
ERROR - 2024-07-13 06:08:16 --> Error connecting to the database: mysqli_sql_exception: No connection could be made because the target machine actively refused it in C:\xampp\htdocs\ecommerce\system\Database\MySQLi\Connection.php:187
Stack trace:
#0 C:\xampp\htdocs\ecommerce\system\Database\MySQLi\Connection.php(187): mysqli->real_connect('localhost', 'root', '', 'ecommerce', 3306, '', 0)
#1 C:\xampp\htdocs\ecommerce\system\Database\BaseConnection.php(421): CodeIgniter\Database\MySQLi\Connection->connect(false)
#2 C:\xampp\htdocs\ecommerce\system\Database\BaseConnection.php(616): CodeIgniter\Database\BaseConnection->initialize()
#3 C:\xampp\htdocs\ecommerce\system\Database\BaseBuilder.php(1636): CodeIgniter\Database\BaseConnection->query('SELECT *\nFROM `...', Array, false)
#4 C:\xampp\htdocs\ecommerce\system\Model.php(330): CodeIgniter\Database\BaseBuilder->get()
#5 C:\xampp\htdocs\ecommerce\system\BaseModel.php(714): CodeIgniter\Model->doFirst()
#6 C:\xampp\htdocs\ecommerce\app\Controllers\Login.php(23): CodeIgniter\BaseModel->first()
#7 C:\xampp\htdocs\ecommerce\system\CodeIgniter.php(933): App\Controllers\Login->authenticate()
#8 C:\xampp\htdocs\ecommerce\system\CodeIgniter.php(509): CodeIgniter\CodeIgniter->runController(Object(App\Controllers\Login))
#9 C:\xampp\htdocs\ecommerce\system\CodeIgniter.php(355): CodeIgniter\CodeIgniter->handleRequest(NULL, Object(Config\Cache), false)
#10 C:\xampp\htdocs\ecommerce\system\Boot.php(325): CodeIgniter\CodeIgniter->run()
#11 C:\xampp\htdocs\ecommerce\system\Boot.php(67): CodeIgniter\Boot::runCodeIgniter(Object(CodeIgniter\CodeIgniter))
#12 C:\xampp\htdocs\ecommerce\public\index.php(56): CodeIgniter\Boot::bootWeb(Object(Config\Paths))
#13 {main}

Next CodeIgniter\Database\Exceptions\DatabaseException: No connection could be made because the target machine actively refused it in C:\xampp\htdocs\ecommerce\system\Database\MySQLi\Connection.php:231
Stack trace:
#0 C:\xampp\htdocs\ecommerce\system\Database\BaseConnection.php(421): CodeIgniter\Database\MySQLi\Connection->connect(false)
#1 C:\xampp\htdocs\ecommerce\system\Database\BaseConnection.php(616): CodeIgniter\Database\BaseConnection->initialize()
#2 C:\xampp\htdocs\ecommerce\system\Database\BaseBuilder.php(1636): CodeIgniter\Database\BaseConnection->query('SELECT *\nFROM `...', Array, false)
#3 C:\xampp\htdocs\ecommerce\system\Model.php(330): CodeIgniter\Database\BaseBuilder->get()
#4 C:\xampp\htdocs\ecommerce\system\BaseModel.php(714): CodeIgniter\Model->doFirst()
#5 C:\xampp\htdocs\ecommerce\app\Controllers\Login.php(23): CodeIgniter\BaseModel->first()
#6 C:\xampp\htdocs\ecommerce\system\CodeIgniter.php(933): App\Controllers\Login->authenticate()
#7 C:\xampp\htdocs\ecommerce\system\CodeIgniter.php(509): CodeIgniter\CodeIgniter->runController(Object(App\Controllers\Login))
#8 C:\xampp\htdocs\ecommerce\system\CodeIgniter.php(355): CodeIgniter\CodeIgniter->handleRequest(NULL, Object(Config\Cache), false)
#9 C:\xampp\htdocs\ecommerce\system\Boot.php(325): CodeIgniter\CodeIgniter->run()
#10 C:\xampp\htdocs\ecommerce\system\Boot.php(67): CodeIgniter\Boot::runCodeIgniter(Object(CodeIgniter\CodeIgniter))
#11 C:\xampp\htdocs\ecommerce\public\index.php(56): CodeIgniter\Boot::bootWeb(Object(Config\Paths))
#12 {main}
CRITICAL - 2024-07-13 06:08:16 --> CodeIgniter\Database\Exceptions\DatabaseException: Unable to connect to the database.
Main connection [MySQLi]: No connection could be made because the target machine actively refused it
[Method: POST, Route: login/authenticate]
in SYSTEMPATH\Database\BaseConnection.php on line 467.
 1 SYSTEMPATH\Database\BaseConnection.php(616): CodeIgniter\Database\BaseConnection->initialize()
 2 SYSTEMPATH\Database\BaseBuilder.php(1636): CodeIgniter\Database\BaseConnection->query('SELECT *
FROM `user_login_table`
WHERE `name` = :name:
AND `password` = :password:
 LIMIT 1', [...], false)
 3 SYSTEMPATH\Model.php(330): CodeIgniter\Database\BaseBuilder->get()
 4 SYSTEMPATH\BaseModel.php(714): CodeIgniter\Model->doFirst()
 5 APPPATH\Controllers\Login.php(23): CodeIgniter\BaseModel->first()
 6 SYSTEMPATH\CodeIgniter.php(933): App\Controllers\Login->authenticate()
 7 SYSTEMPATH\CodeIgniter.php(509): CodeIgniter\CodeIgniter->runController(Object(App\Controllers\Login))
 8 SYSTEMPATH\CodeIgniter.php(355): CodeIgniter\CodeIgniter->handleRequest(null, Object(Config\Cache), false)
 9 SYSTEMPATH\Boot.php(325): CodeIgniter\CodeIgniter->run()
10 SYSTEMPATH\Boot.php(67): CodeIgniter\Boot::runCodeIgniter(Object(CodeIgniter\CodeIgniter))
11 FCPATH\index.php(56): CodeIgniter\Boot::bootWeb(Object(Config\Paths))
CRITICAL - 2024-07-13 06:29:02 --> CodeIgniter\Database\Exceptions\DataException: There is no data to update.
[Method: POST, Route: admin/updateProduct/1]
in SYSTEMPATH\BaseModel.php on line 1011.
 1 SYSTEMPATH\BaseModel.php(1011): CodeIgniter\Database\Exceptions\DataException::forEmptyDataset('update')
 2 SYSTEMPATH\Model.php(865): CodeIgniter\BaseModel->update([...], [])
 3 APPPATH\Controllers\Admin.php(56): CodeIgniter\Model->update('1', [...])
 4 SYSTEMPATH\CodeIgniter.php(933): App\Controllers\Admin->updateProduct('1')
 5 SYSTEMPATH\CodeIgniter.php(509): CodeIgniter\CodeIgniter->runController(Object(App\Controllers\Admin))
 6 SYSTEMPATH\CodeIgniter.php(355): CodeIgniter\CodeIgniter->handleRequest(null, Object(Config\Cache), false)
 7 SYSTEMPATH\Boot.php(325): CodeIgniter\CodeIgniter->run()
 8 SYSTEMPATH\Boot.php(67): CodeIgniter\Boot::runCodeIgniter(Object(CodeIgniter\CodeIgniter))
 9 FCPATH\index.php(56): CodeIgniter\Boot::bootWeb(Object(Config\Paths))
CRITICAL - 2024-07-13 06:30:52 --> CodeIgniter\Database\Exceptions\DataException: There is no data to update.
[Method: POST, Route: admin/updateProduct/1]
in SYSTEMPATH\BaseModel.php on line 1011.
 1 SYSTEMPATH\BaseModel.php(1011): CodeIgniter\Database\Exceptions\DataException::forEmptyDataset('update')
 2 SYSTEMPATH\Model.php(865): CodeIgniter\BaseModel->update([...], [])
 3 APPPATH\Controllers\Admin.php(56): CodeIgniter\Model->update('1', [...])
 4 SYSTEMPATH\CodeIgniter.php(933): App\Controllers\Admin->updateProduct('1')
 5 SYSTEMPATH\CodeIgniter.php(509): CodeIgniter\CodeIgniter->runController(Object(App\Controllers\Admin))
 6 SYSTEMPATH\CodeIgniter.php(355): CodeIgniter\CodeIgniter->handleRequest(null, Object(Config\Cache), false)
 7 SYSTEMPATH\Boot.php(325): CodeIgniter\CodeIgniter->run()
 8 SYSTEMPATH\Boot.php(67): CodeIgniter\Boot::runCodeIgniter(Object(CodeIgniter\CodeIgniter))
 9 FCPATH\index.php(56): CodeIgniter\Boot::bootWeb(Object(Config\Paths))
CRITICAL - 2024-07-13 06:32:18 --> CodeIgniter\Database\Exceptions\DataException: There is no data to update.
[Method: POST, Route: admin/updateProduct/1]
in SYSTEMPATH\BaseModel.php on line 1011.
 1 SYSTEMPATH\BaseModel.php(1011): CodeIgniter\Database\Exceptions\DataException::forEmptyDataset('update')
 2 SYSTEMPATH\Model.php(865): CodeIgniter\BaseModel->update([...], [])
 3 APPPATH\Controllers\Admin.php(56): CodeIgniter\Model->update('1', [...])
 4 SYSTEMPATH\CodeIgniter.php(933): App\Controllers\Admin->updateProduct('1')
 5 SYSTEMPATH\CodeIgniter.php(509): CodeIgniter\CodeIgniter->runController(Object(App\Controllers\Admin))
 6 SYSTEMPATH\CodeIgniter.php(355): CodeIgniter\CodeIgniter->handleRequest(null, Object(Config\Cache), false)
 7 SYSTEMPATH\Boot.php(325): CodeIgniter\CodeIgniter->run()
 8 SYSTEMPATH\Boot.php(67): CodeIgniter\Boot::runCodeIgniter(Object(CodeIgniter\CodeIgniter))
 9 FCPATH\index.php(56): CodeIgniter\Boot::bootWeb(Object(Config\Paths))
CRITICAL - 2024-07-13 06:32:29 --> CodeIgniter\Database\Exceptions\DataException: There is no data to update.
[Method: POST, Route: admin/updateProduct/1]
in SYSTEMPATH\BaseModel.php on line 1011.
 1 SYSTEMPATH\BaseModel.php(1011): CodeIgniter\Database\Exceptions\DataException::forEmptyDataset('update')
 2 SYSTEMPATH\Model.php(865): CodeIgniter\BaseModel->update([...], [])
 3 APPPATH\Controllers\Admin.php(56): CodeIgniter\Model->update('1', [...])
 4 SYSTEMPATH\CodeIgniter.php(933): App\Controllers\Admin->updateProduct('1')
 5 SYSTEMPATH\CodeIgniter.php(509): CodeIgniter\CodeIgniter->runController(Object(App\Controllers\Admin))
 6 SYSTEMPATH\CodeIgniter.php(355): CodeIgniter\CodeIgniter->handleRequest(null, Object(Config\Cache), false)
 7 SYSTEMPATH\Boot.php(325): CodeIgniter\CodeIgniter->run()
 8 SYSTEMPATH\Boot.php(67): CodeIgniter\Boot::runCodeIgniter(Object(CodeIgniter\CodeIgniter))
 9 FCPATH\index.php(56): CodeIgniter\Boot::bootWeb(Object(Config\Paths))
CRITICAL - 2024-07-13 06:34:42 --> CodeIgniter\Database\Exceptions\DataException: There is no data to update.
[Method: POST, Route: admin/updateProduct/1]
in SYSTEMPATH\BaseModel.php on line 1011.
 1 SYSTEMPATH\BaseModel.php(1011): CodeIgniter\Database\Exceptions\DataException::forEmptyDataset('update')
 2 SYSTEMPATH\Model.php(865): CodeIgniter\BaseModel->update([...], [])
 3 APPPATH\Controllers\Admin.php(57): CodeIgniter\Model->update('1', [...])
 4 SYSTEMPATH\CodeIgniter.php(933): App\Controllers\Admin->updateProduct('1')
 5 SYSTEMPATH\CodeIgniter.php(509): CodeIgniter\CodeIgniter->runController(Object(App\Controllers\Admin))
 6 SYSTEMPATH\CodeIgniter.php(355): CodeIgniter\CodeIgniter->handleRequest(null, Object(Config\Cache), false)
 7 SYSTEMPATH\Boot.php(325): CodeIgniter\CodeIgniter->run()
 8 SYSTEMPATH\Boot.php(67): CodeIgniter\Boot::runCodeIgniter(Object(CodeIgniter\CodeIgniter))
 9 FCPATH\index.php(56): CodeIgniter\Boot::bootWeb(Object(Config\Paths))
CRITICAL - 2024-07-13 06:39:28 --> CodeIgniter\View\Exceptions\ViewException: Invalid file: "admin/products.php"
[Method: GET, Route: admin/products]
in SYSTEMPATH\Exceptions\FrameworkException.php on line 41.
 1 SYSTEMPATH\View\View.php(222): CodeIgniter\Exceptions\FrameworkException::forInvalidFile('admin/products.php')
 2 SYSTEMPATH\Common.php(1171): CodeIgniter\View\View->render('admin/products', [], true)
 3 APPPATH\Controllers\Admin.php(37): view('admin/products', [...])
 4 SYSTEMPATH\CodeIgniter.php(933): App\Controllers\Admin->products()
 5 SYSTEMPATH\CodeIgniter.php(509): CodeIgniter\CodeIgniter->runController(Object(App\Controllers\Admin))
 6 SYSTEMPATH\CodeIgniter.php(355): CodeIgniter\CodeIgniter->handleRequest(null, Object(Config\Cache), false)
 7 SYSTEMPATH\Boot.php(325): CodeIgniter\CodeIgniter->run()
 8 SYSTEMPATH\Boot.php(67): CodeIgniter\Boot::runCodeIgniter(Object(CodeIgniter\CodeIgniter))
 9 FCPATH\index.php(56): CodeIgniter\Boot::bootWeb(Object(Config\Paths))
ERROR - 2024-07-13 06:40:55 --> mysqli_sql_exception: Lock wait timeout exceeded; try restarting transaction in C:\xampp\htdocs\ecommerce\system\Database\MySQLi\Connection.php:312
Stack trace:
#0 C:\xampp\htdocs\ecommerce\system\Database\MySQLi\Connection.php(312): mysqli->query('UPDATE `product...', 0)
#1 C:\xampp\htdocs\ecommerce\system\Database\BaseConnection.php(734): CodeIgniter\Database\MySQLi\Connection->execute('UPDATE `product...')
#2 C:\xampp\htdocs\ecommerce\system\Database\BaseConnection.php(648): CodeIgniter\Database\BaseConnection->simpleQuery('UPDATE `product...')
#3 C:\xampp\htdocs\ecommerce\system\Database\BaseBuilder.php(2508): CodeIgniter\Database\BaseConnection->query('UPDATE `product...', Array, false)
#4 C:\xampp\htdocs\ecommerce\system\Model.php(461): CodeIgniter\Database\BaseBuilder->update()
#5 C:\xampp\htdocs\ecommerce\system\BaseModel.php(1028): CodeIgniter\Model->doUpdate(Array, Array)
#6 C:\xampp\htdocs\ecommerce\system\Model.php(865): CodeIgniter\BaseModel->update(Array, Array)
#7 C:\xampp\htdocs\ecommerce\app\Controllers\Admin.php(58): CodeIgniter\Model->update('1', Array)
#8 C:\xampp\htdocs\ecommerce\system\CodeIgniter.php(933): App\Controllers\Admin->updateProduct('1')
#9 C:\xampp\htdocs\ecommerce\system\CodeIgniter.php(509): CodeIgniter\CodeIgniter->runController(Object(App\Controllers\Admin))
#10 C:\xampp\htdocs\ecommerce\system\CodeIgniter.php(355): CodeIgniter\CodeIgniter->handleRequest(NULL, Object(Config\Cache), false)
#11 C:\xampp\htdocs\ecommerce\system\Boot.php(325): CodeIgniter\CodeIgniter->run()
#12 C:\xampp\htdocs\ecommerce\system\Boot.php(67): CodeIgniter\Boot::runCodeIgniter(Object(CodeIgniter\CodeIgniter))
#13 C:\xampp\htdocs\ecommerce\public\index.php(56): CodeIgniter\Boot::bootWeb(Object(Config\Paths))
#14 {main}
CRITICAL - 2024-07-13 06:40:55 --> CodeIgniter\Database\Exceptions\DatabaseException: Lock wait timeout exceeded; try restarting transaction
[Method: POST, Route: admin/updateProduct/1]
in SYSTEMPATH\Database\BaseConnection.php on line 688.
 1 SYSTEMPATH\Database\BaseBuilder.php(2508): CodeIgniter\Database\BaseConnection->query('UPDATE `products` SET `product_name` = :product_name:, `prod_price` = :prod_price:, `prod_description` = :prod_description:, `prod_qty` = :prod_qty:
WHERE `products`.`id` IN :products.id:', [...], false)
 2 SYSTEMPATH\Model.php(461): CodeIgniter\Database\BaseBuilder->update()
 3 SYSTEMPATH\BaseModel.php(1028): CodeIgniter\Model->doUpdate([...], [...])
 4 SYSTEMPATH\Model.php(865): CodeIgniter\BaseModel->update([...], [...])
 5 APPPATH\Controllers\Admin.php(58): CodeIgniter\Model->update('1', [...])
 6 SYSTEMPATH\CodeIgniter.php(933): App\Controllers\Admin->updateProduct('1')
 7 SYSTEMPATH\CodeIgniter.php(509): CodeIgniter\CodeIgniter->runController(Object(App\Controllers\Admin))
 8 SYSTEMPATH\CodeIgniter.php(355): CodeIgniter\CodeIgniter->handleRequest(null, Object(Config\Cache), false)
 9 SYSTEMPATH\Boot.php(325): CodeIgniter\CodeIgniter->run()
10 SYSTEMPATH\Boot.php(67): CodeIgniter\Boot::runCodeIgniter(Object(CodeIgniter\CodeIgniter))
11 FCPATH\index.php(56): CodeIgniter\Boot::bootWeb(Object(Config\Paths))
CRITICAL - 2024-07-13 06:40:55 --> [Caused by] CodeIgniter\Database\Exceptions\DatabaseException: Lock wait timeout exceeded; try restarting transaction
in SYSTEMPATH\Database\MySQLi\Connection.php on line 317.
 1 SYSTEMPATH\Database\BaseConnection.php(734): CodeIgniter\Database\MySQLi\Connection->execute('UPDATE `products` SET `product_name` = \'product1\', `prod_price` = \'2500.00\', `prod_description` = \'test\', `prod_qty` = \'8\'
WHERE `products`.`id` IN (\'1\')')
 2 SYSTEMPATH\Database\BaseConnection.php(648): CodeIgniter\Database\BaseConnection->simpleQuery('UPDATE `products` SET `product_name` = \'product1\', `prod_price` = \'2500.00\', `prod_description` = \'test\', `prod_qty` = \'8\'
WHERE `products`.`id` IN (\'1\')')
 3 SYSTEMPATH\Database\BaseBuilder.php(2508): CodeIgniter\Database\BaseConnection->query('UPDATE `products` SET `product_name` = :product_name:, `prod_price` = :prod_price:, `prod_description` = :prod_description:, `prod_qty` = :prod_qty:
WHERE `products`.`id` IN :products.id:', [...], false)
 4 SYSTEMPATH\Model.php(461): CodeIgniter\Database\BaseBuilder->update()
 5 SYSTEMPATH\BaseModel.php(1028): CodeIgniter\Model->doUpdate([...], [...])
 6 SYSTEMPATH\Model.php(865): CodeIgniter\BaseModel->update([...], [...])
 7 APPPATH\Controllers\Admin.php(58): CodeIgniter\Model->update('1', [...])
 8 SYSTEMPATH\CodeIgniter.php(933): App\Controllers\Admin->updateProduct('1')
 9 SYSTEMPATH\CodeIgniter.php(509): CodeIgniter\CodeIgniter->runController(Object(App\Controllers\Admin))
10 SYSTEMPATH\CodeIgniter.php(355): CodeIgniter\CodeIgniter->handleRequest(null, Object(Config\Cache), false)
11 SYSTEMPATH\Boot.php(325): CodeIgniter\CodeIgniter->run()
12 SYSTEMPATH\Boot.php(67): CodeIgniter\Boot::runCodeIgniter(Object(CodeIgniter\CodeIgniter))
13 FCPATH\index.php(56): CodeIgniter\Boot::bootWeb(Object(Config\Paths))
CRITICAL - 2024-07-13 06:40:55 --> [Caused by] mysqli_sql_exception: Lock wait timeout exceeded; try restarting transaction
in SYSTEMPATH\Database\MySQLi\Connection.php on line 312.
 1 SYSTEMPATH\Database\MySQLi\Connection.php(312): mysqli->query('UPDATE `products` SET `product_name` = \'product1\', `prod_price` = \'2500.00\', `prod_description` = \'test\', `prod_qty` = \'8\'
WHERE `products`.`id` IN (\'1\')', 0)
 2 SYSTEMPATH\Database\BaseConnection.php(734): CodeIgniter\Database\MySQLi\Connection->execute('UPDATE `products` SET `product_name` = \'product1\', `prod_price` = \'2500.00\', `prod_description` = \'test\', `prod_qty` = \'8\'
WHERE `products`.`id` IN (\'1\')')
 3 SYSTEMPATH\Database\BaseConnection.php(648): CodeIgniter\Database\BaseConnection->simpleQuery('UPDATE `products` SET `product_name` = \'product1\', `prod_price` = \'2500.00\', `prod_description` = \'test\', `prod_qty` = \'8\'
WHERE `products`.`id` IN (\'1\')')
 4 SYSTEMPATH\Database\BaseBuilder.php(2508): CodeIgniter\Database\BaseConnection->query('UPDATE `products` SET `product_name` = :product_name:, `prod_price` = :prod_price:, `prod_description` = :prod_description:, `prod_qty` = :prod_qty:
WHERE `products`.`id` IN :products.id:', [...], false)
 5 SYSTEMPATH\Model.php(461): CodeIgniter\Database\BaseBuilder->update()
 6 SYSTEMPATH\BaseModel.php(1028): CodeIgniter\Model->doUpdate([...], [...])
 7 SYSTEMPATH\Model.php(865): CodeIgniter\BaseModel->update([...], [...])
 8 APPPATH\Controllers\Admin.php(58): CodeIgniter\Model->update('1', [...])
 9 SYSTEMPATH\CodeIgniter.php(933): App\Controllers\Admin->updateProduct('1')
10 SYSTEMPATH\CodeIgniter.php(509): CodeIgniter\CodeIgniter->runController(Object(App\Controllers\Admin))
11 SYSTEMPATH\CodeIgniter.php(355): CodeIgniter\CodeIgniter->handleRequest(null, Object(Config\Cache), false)
12 SYSTEMPATH\Boot.php(325): CodeIgniter\CodeIgniter->run()
13 SYSTEMPATH\Boot.php(67): CodeIgniter\Boot::runCodeIgniter(Object(CodeIgniter\CodeIgniter))
14 FCPATH\index.php(56): CodeIgniter\Boot::bootWeb(Object(Config\Paths))
ERROR - 2024-07-13 06:43:28 --> mysqli_sql_exception: Lock wait timeout exceeded; try restarting transaction in C:\xampp\htdocs\ecommerce\system\Database\MySQLi\Connection.php:312
Stack trace:
#0 C:\xampp\htdocs\ecommerce\system\Database\MySQLi\Connection.php(312): mysqli->query('UPDATE `product...', 0)
#1 C:\xampp\htdocs\ecommerce\system\Database\BaseConnection.php(734): CodeIgniter\Database\MySQLi\Connection->execute('UPDATE `product...')
#2 C:\xampp\htdocs\ecommerce\system\Database\BaseConnection.php(648): CodeIgniter\Database\BaseConnection->simpleQuery('UPDATE `product...')
#3 C:\xampp\htdocs\ecommerce\system\Database\BaseBuilder.php(2508): CodeIgniter\Database\BaseConnection->query('UPDATE `product...', Array, false)
#4 C:\xampp\htdocs\ecommerce\system\Model.php(461): CodeIgniter\Database\BaseBuilder->update()
#5 C:\xampp\htdocs\ecommerce\system\BaseModel.php(1028): CodeIgniter\Model->doUpdate(Array, Array)
#6 C:\xampp\htdocs\ecommerce\system\Model.php(865): CodeIgniter\BaseModel->update(Array, Array)
#7 C:\xampp\htdocs\ecommerce\app\Controllers\Admin.php(61): CodeIgniter\Model->update('1', Array)
#8 C:\xampp\htdocs\ecommerce\system\CodeIgniter.php(933): App\Controllers\Admin->updateProduct('1')
#9 C:\xampp\htdocs\ecommerce\system\CodeIgniter.php(509): CodeIgniter\CodeIgniter->runController(Object(App\Controllers\Admin))
#10 C:\xampp\htdocs\ecommerce\system\CodeIgniter.php(355): CodeIgniter\CodeIgniter->handleRequest(NULL, Object(Config\Cache), false)
#11 C:\xampp\htdocs\ecommerce\system\Boot.php(325): CodeIgniter\CodeIgniter->run()
#12 C:\xampp\htdocs\ecommerce\system\Boot.php(67): CodeIgniter\Boot::runCodeIgniter(Object(CodeIgniter\CodeIgniter))
#13 C:\xampp\htdocs\ecommerce\public\index.php(56): CodeIgniter\Boot::bootWeb(Object(Config\Paths))
#14 {main}
CRITICAL - 2024-07-13 06:43:28 --> CodeIgniter\Database\Exceptions\DatabaseException: Lock wait timeout exceeded; try restarting transaction
[Method: POST, Route: admin/updateProduct/1]
in SYSTEMPATH\Database\BaseConnection.php on line 688.
 1 SYSTEMPATH\Database\BaseBuilder.php(2508): CodeIgniter\Database\BaseConnection->query('UPDATE `products` SET `product_name` = :product_name:, `prod_price` = :prod_price:, `prod_description` = :prod_description:, `prod_qty` = :prod_qty:
WHERE `products`.`id` IN :products.id:', [...], false)
 2 SYSTEMPATH\Model.php(461): CodeIgniter\Database\BaseBuilder->update()
 3 SYSTEMPATH\BaseModel.php(1028): CodeIgniter\Model->doUpdate([...], [...])
 4 SYSTEMPATH\Model.php(865): CodeIgniter\BaseModel->update([...], [...])
 5 APPPATH\Controllers\Admin.php(61): CodeIgniter\Model->update('1', [...])
 6 SYSTEMPATH\CodeIgniter.php(933): App\Controllers\Admin->updateProduct('1')
 7 SYSTEMPATH\CodeIgniter.php(509): CodeIgniter\CodeIgniter->runController(Object(App\Controllers\Admin))
 8 SYSTEMPATH\CodeIgniter.php(355): CodeIgniter\CodeIgniter->handleRequest(null, Object(Config\Cache), false)
 9 SYSTEMPATH\Boot.php(325): CodeIgniter\CodeIgniter->run()
10 SYSTEMPATH\Boot.php(67): CodeIgniter\Boot::runCodeIgniter(Object(CodeIgniter\CodeIgniter))
11 FCPATH\index.php(56): CodeIgniter\Boot::bootWeb(Object(Config\Paths))
CRITICAL - 2024-07-13 06:43:28 --> [Caused by] CodeIgniter\Database\Exceptions\DatabaseException: Lock wait timeout exceeded; try restarting transaction
in SYSTEMPATH\Database\MySQLi\Connection.php on line 317.
 1 SYSTEMPATH\Database\BaseConnection.php(734): CodeIgniter\Database\MySQLi\Connection->execute('UPDATE `products` SET `product_name` = \'product1\', `prod_price` = \'2500.00\', `prod_description` = \'test\', `prod_qty` = \'8\'
WHERE `products`.`id` IN (\'1\')')
 2 SYSTEMPATH\Database\BaseConnection.php(648): CodeIgniter\Database\BaseConnection->simpleQuery('UPDATE `products` SET `product_name` = \'product1\', `prod_price` = \'2500.00\', `prod_description` = \'test\', `prod_qty` = \'8\'
WHERE `products`.`id` IN (\'1\')')
 3 SYSTEMPATH\Database\BaseBuilder.php(2508): CodeIgniter\Database\BaseConnection->query('UPDATE `products` SET `product_name` = :product_name:, `prod_price` = :prod_price:, `prod_description` = :prod_description:, `prod_qty` = :prod_qty:
WHERE `products`.`id` IN :products.id:', [...], false)
 4 SYSTEMPATH\Model.php(461): CodeIgniter\Database\BaseBuilder->update()
 5 SYSTEMPATH\BaseModel.php(1028): CodeIgniter\Model->doUpdate([...], [...])
 6 SYSTEMPATH\Model.php(865): CodeIgniter\BaseModel->update([...], [...])
 7 APPPATH\Controllers\Admin.php(61): CodeIgniter\Model->update('1', [...])
 8 SYSTEMPATH\CodeIgniter.php(933): App\Controllers\Admin->updateProduct('1')
 9 SYSTEMPATH\CodeIgniter.php(509): CodeIgniter\CodeIgniter->runController(Object(App\Controllers\Admin))
10 SYSTEMPATH\CodeIgniter.php(355): CodeIgniter\CodeIgniter->handleRequest(null, Object(Config\Cache), false)
11 SYSTEMPATH\Boot.php(325): CodeIgniter\CodeIgniter->run()
12 SYSTEMPATH\Boot.php(67): CodeIgniter\Boot::runCodeIgniter(Object(CodeIgniter\CodeIgniter))
13 FCPATH\index.php(56): CodeIgniter\Boot::bootWeb(Object(Config\Paths))
CRITICAL - 2024-07-13 06:43:28 --> [Caused by] mysqli_sql_exception: Lock wait timeout exceeded; try restarting transaction
in SYSTEMPATH\Database\MySQLi\Connection.php on line 312.
 1 SYSTEMPATH\Database\MySQLi\Connection.php(312): mysqli->query('UPDATE `products` SET `product_name` = \'product1\', `prod_price` = \'2500.00\', `prod_description` = \'test\', `prod_qty` = \'8\'
WHERE `products`.`id` IN (\'1\')', 0)
 2 SYSTEMPATH\Database\BaseConnection.php(734): CodeIgniter\Database\MySQLi\Connection->execute('UPDATE `products` SET `product_name` = \'product1\', `prod_price` = \'2500.00\', `prod_description` = \'test\', `prod_qty` = \'8\'
WHERE `products`.`id` IN (\'1\')')
 3 SYSTEMPATH\Database\BaseConnection.php(648): CodeIgniter\Database\BaseConnection->simpleQuery('UPDATE `products` SET `product_name` = \'product1\', `prod_price` = \'2500.00\', `prod_description` = \'test\', `prod_qty` = \'8\'
WHERE `products`.`id` IN (\'1\')')
 4 SYSTEMPATH\Database\BaseBuilder.php(2508): CodeIgniter\Database\BaseConnection->query('UPDATE `products` SET `product_name` = :product_name:, `prod_price` = :prod_price:, `prod_description` = :prod_description:, `prod_qty` = :prod_qty:
WHERE `products`.`id` IN :products.id:', [...], false)
 5 SYSTEMPATH\Model.php(461): CodeIgniter\Database\BaseBuilder->update()
 6 SYSTEMPATH\BaseModel.php(1028): CodeIgniter\Model->doUpdate([...], [...])
 7 SYSTEMPATH\Model.php(865): CodeIgniter\BaseModel->update([...], [...])
 8 APPPATH\Controllers\Admin.php(61): CodeIgniter\Model->update('1', [...])
 9 SYSTEMPATH\CodeIgniter.php(933): App\Controllers\Admin->updateProduct('1')
10 SYSTEMPATH\CodeIgniter.php(509): CodeIgniter\CodeIgniter->runController(Object(App\Controllers\Admin))
11 SYSTEMPATH\CodeIgniter.php(355): CodeIgniter\CodeIgniter->handleRequest(null, Object(Config\Cache), false)
12 SYSTEMPATH\Boot.php(325): CodeIgniter\CodeIgniter->run()
13 SYSTEMPATH\Boot.php(67): CodeIgniter\Boot::runCodeIgniter(Object(CodeIgniter\CodeIgniter))
14 FCPATH\index.php(56): CodeIgniter\Boot::bootWeb(Object(Config\Paths))
ERROR - 2024-07-13 06:48:33 --> mysqli_sql_exception: Lock wait timeout exceeded; try restarting transaction in C:\xampp\htdocs\ecommerce\system\Database\MySQLi\Connection.php:312
Stack trace:
#0 C:\xampp\htdocs\ecommerce\system\Database\MySQLi\Connection.php(312): mysqli->query('UPDATE `product...', 0)
#1 C:\xampp\htdocs\ecommerce\system\Database\BaseConnection.php(734): CodeIgniter\Database\MySQLi\Connection->execute('UPDATE `product...')
#2 C:\xampp\htdocs\ecommerce\system\Database\BaseConnection.php(648): CodeIgniter\Database\BaseConnection->simpleQuery('UPDATE `product...')
#3 C:\xampp\htdocs\ecommerce\system\Database\BaseBuilder.php(2508): CodeIgniter\Database\BaseConnection->query('UPDATE `product...', Array, false)
#4 C:\xampp\htdocs\ecommerce\system\Model.php(461): CodeIgniter\Database\BaseBuilder->update()
#5 C:\xampp\htdocs\ecommerce\system\BaseModel.php(1028): CodeIgniter\Model->doUpdate(Array, Array)
#6 C:\xampp\htdocs\ecommerce\system\Model.php(865): CodeIgniter\BaseModel->update(Array, Array)
#7 C:\xampp\htdocs\ecommerce\app\Controllers\Admin.php(58): CodeIgniter\Model->update('1', Array)
#8 C:\xampp\htdocs\ecommerce\system\CodeIgniter.php(933): App\Controllers\Admin->updateProduct('1')
#9 C:\xampp\htdocs\ecommerce\system\CodeIgniter.php(509): CodeIgniter\CodeIgniter->runController(Object(App\Controllers\Admin))
#10 C:\xampp\htdocs\ecommerce\system\CodeIgniter.php(355): CodeIgniter\CodeIgniter->handleRequest(NULL, Object(Config\Cache), false)
#11 C:\xampp\htdocs\ecommerce\system\Boot.php(325): CodeIgniter\CodeIgniter->run()
#12 C:\xampp\htdocs\ecommerce\system\Boot.php(67): CodeIgniter\Boot::runCodeIgniter(Object(CodeIgniter\CodeIgniter))
#13 C:\xampp\htdocs\ecommerce\public\index.php(56): CodeIgniter\Boot::bootWeb(Object(Config\Paths))
#14 {main}
CRITICAL - 2024-07-13 06:48:33 --> CodeIgniter\Database\Exceptions\DatabaseException: Lock wait timeout exceeded; try restarting transaction
[Method: POST, Route: admin/updateProduct/1]
in SYSTEMPATH\Database\BaseConnection.php on line 688.
 1 SYSTEMPATH\Database\BaseBuilder.php(2508): CodeIgniter\Database\BaseConnection->query('UPDATE `products` SET `product_name` = :product_name:, `prod_price` = :prod_price:, `prod_description` = :prod_description:, `prod_qty` = :prod_qty:
WHERE `products`.`id` IN :products.id:', [...], false)
 2 SYSTEMPATH\Model.php(461): CodeIgniter\Database\BaseBuilder->update()
 3 SYSTEMPATH\BaseModel.php(1028): CodeIgniter\Model->doUpdate([...], [...])
 4 SYSTEMPATH\Model.php(865): CodeIgniter\BaseModel->update([...], [...])
 5 APPPATH\Controllers\Admin.php(58): CodeIgniter\Model->update('1', [...])
 6 SYSTEMPATH\CodeIgniter.php(933): App\Controllers\Admin->updateProduct('1')
 7 SYSTEMPATH\CodeIgniter.php(509): CodeIgniter\CodeIgniter->runController(Object(App\Controllers\Admin))
 8 SYSTEMPATH\CodeIgniter.php(355): CodeIgniter\CodeIgniter->handleRequest(null, Object(Config\Cache), false)
 9 SYSTEMPATH\Boot.php(325): CodeIgniter\CodeIgniter->run()
10 SYSTEMPATH\Boot.php(67): CodeIgniter\Boot::runCodeIgniter(Object(CodeIgniter\CodeIgniter))
11 FCPATH\index.php(56): CodeIgniter\Boot::bootWeb(Object(Config\Paths))
CRITICAL - 2024-07-13 06:48:33 --> [Caused by] CodeIgniter\Database\Exceptions\DatabaseException: Lock wait timeout exceeded; try restarting transaction
in SYSTEMPATH\Database\MySQLi\Connection.php on line 317.
 1 SYSTEMPATH\Database\BaseConnection.php(734): CodeIgniter\Database\MySQLi\Connection->execute('UPDATE `products` SET `product_name` = \'product1\', `prod_price` = \'2500.00\', `prod_description` = \'test\', `prod_qty` = \'8\'
WHERE `products`.`id` IN (\'1\')')
 2 SYSTEMPATH\Database\BaseConnection.php(648): CodeIgniter\Database\BaseConnection->simpleQuery('UPDATE `products` SET `product_name` = \'product1\', `prod_price` = \'2500.00\', `prod_description` = \'test\', `prod_qty` = \'8\'
WHERE `products`.`id` IN (\'1\')')
 3 SYSTEMPATH\Database\BaseBuilder.php(2508): CodeIgniter\Database\BaseConnection->query('UPDATE `products` SET `product_name` = :product_name:, `prod_price` = :prod_price:, `prod_description` = :prod_description:, `prod_qty` = :prod_qty:
WHERE `products`.`id` IN :products.id:', [...], false)
 4 SYSTEMPATH\Model.php(461): CodeIgniter\Database\BaseBuilder->update()
 5 SYSTEMPATH\BaseModel.php(1028): CodeIgniter\Model->doUpdate([...], [...])
 6 SYSTEMPATH\Model.php(865): CodeIgniter\BaseModel->update([...], [...])
 7 APPPATH\Controllers\Admin.php(58): CodeIgniter\Model->update('1', [...])
 8 SYSTEMPATH\CodeIgniter.php(933): App\Controllers\Admin->updateProduct('1')
 9 SYSTEMPATH\CodeIgniter.php(509): CodeIgniter\CodeIgniter->runController(Object(App\Controllers\Admin))
10 SYSTEMPATH\CodeIgniter.php(355): CodeIgniter\CodeIgniter->handleRequest(null, Object(Config\Cache), false)
11 SYSTEMPATH\Boot.php(325): CodeIgniter\CodeIgniter->run()
12 SYSTEMPATH\Boot.php(67): CodeIgniter\Boot::runCodeIgniter(Object(CodeIgniter\CodeIgniter))
13 FCPATH\index.php(56): CodeIgniter\Boot::bootWeb(Object(Config\Paths))
CRITICAL - 2024-07-13 06:48:33 --> [Caused by] mysqli_sql_exception: Lock wait timeout exceeded; try restarting transaction
in SYSTEMPATH\Database\MySQLi\Connection.php on line 312.
 1 SYSTEMPATH\Database\MySQLi\Connection.php(312): mysqli->query('UPDATE `products` SET `product_name` = \'product1\', `prod_price` = \'2500.00\', `prod_description` = \'test\', `prod_qty` = \'8\'
WHERE `products`.`id` IN (\'1\')', 0)
 2 SYSTEMPATH\Database\BaseConnection.php(734): CodeIgniter\Database\MySQLi\Connection->execute('UPDATE `products` SET `product_name` = \'product1\', `prod_price` = \'2500.00\', `prod_description` = \'test\', `prod_qty` = \'8\'
WHERE `products`.`id` IN (\'1\')')
 3 SYSTEMPATH\Database\BaseConnection.php(648): CodeIgniter\Database\BaseConnection->simpleQuery('UPDATE `products` SET `product_name` = \'product1\', `prod_price` = \'2500.00\', `prod_description` = \'test\', `prod_qty` = \'8\'
WHERE `products`.`id` IN (\'1\')')
 4 SYSTEMPATH\Database\BaseBuilder.php(2508): CodeIgniter\Database\BaseConnection->query('UPDATE `products` SET `product_name` = :product_name:, `prod_price` = :prod_price:, `prod_description` = :prod_description:, `prod_qty` = :prod_qty:
WHERE `products`.`id` IN :products.id:', [...], false)
 5 SYSTEMPATH\Model.php(461): CodeIgniter\Database\BaseBuilder->update()
 6 SYSTEMPATH\BaseModel.php(1028): CodeIgniter\Model->doUpdate([...], [...])
 7 SYSTEMPATH\Model.php(865): CodeIgniter\BaseModel->update([...], [...])
 8 APPPATH\Controllers\Admin.php(58): CodeIgniter\Model->update('1', [...])
 9 SYSTEMPATH\CodeIgniter.php(933): App\Controllers\Admin->updateProduct('1')
10 SYSTEMPATH\CodeIgniter.php(509): CodeIgniter\CodeIgniter->runController(Object(App\Controllers\Admin))
11 SYSTEMPATH\CodeIgniter.php(355): CodeIgniter\CodeIgniter->handleRequest(null, Object(Config\Cache), false)
12 SYSTEMPATH\Boot.php(325): CodeIgniter\CodeIgniter->run()
13 SYSTEMPATH\Boot.php(67): CodeIgniter\Boot::runCodeIgniter(Object(CodeIgniter\CodeIgniter))
14 FCPATH\index.php(56): CodeIgniter\Boot::bootWeb(Object(Config\Paths))
ERROR - 2024-07-13 06:50:52 --> mysqli_sql_exception: Lock wait timeout exceeded; try restarting transaction in C:\xampp\htdocs\ecommerce\system\Database\MySQLi\Connection.php:312
Stack trace:
#0 C:\xampp\htdocs\ecommerce\system\Database\MySQLi\Connection.php(312): mysqli->query('UPDATE `product...', 0)
#1 C:\xampp\htdocs\ecommerce\system\Database\BaseConnection.php(734): CodeIgniter\Database\MySQLi\Connection->execute('UPDATE `product...')
#2 C:\xampp\htdocs\ecommerce\system\Database\BaseConnection.php(648): CodeIgniter\Database\BaseConnection->simpleQuery('UPDATE `product...')
#3 C:\xampp\htdocs\ecommerce\system\Database\BaseBuilder.php(2508): CodeIgniter\Database\BaseConnection->query('UPDATE `product...', Array, false)
#4 C:\xampp\htdocs\ecommerce\system\Model.php(461): CodeIgniter\Database\BaseBuilder->update()
#5 C:\xampp\htdocs\ecommerce\system\BaseModel.php(1028): CodeIgniter\Model->doUpdate(Array, Array)
#6 C:\xampp\htdocs\ecommerce\system\Model.php(865): CodeIgniter\BaseModel->update(Array, Array)
#7 C:\xampp\htdocs\ecommerce\app\Controllers\Admin.php(59): CodeIgniter\Model->update('1', Array)
#8 C:\xampp\htdocs\ecommerce\system\CodeIgniter.php(933): App\Controllers\Admin->updateProduct('1')
#9 C:\xampp\htdocs\ecommerce\system\CodeIgniter.php(509): CodeIgniter\CodeIgniter->runController(Object(App\Controllers\Admin))
#10 C:\xampp\htdocs\ecommerce\system\CodeIgniter.php(355): CodeIgniter\CodeIgniter->handleRequest(NULL, Object(Config\Cache), false)
#11 C:\xampp\htdocs\ecommerce\system\Boot.php(325): CodeIgniter\CodeIgniter->run()
#12 C:\xampp\htdocs\ecommerce\system\Boot.php(67): CodeIgniter\Boot::runCodeIgniter(Object(CodeIgniter\CodeIgniter))
#13 C:\xampp\htdocs\ecommerce\public\index.php(56): CodeIgniter\Boot::bootWeb(Object(Config\Paths))
#14 {main}
CRITICAL - 2024-07-13 06:50:52 --> CodeIgniter\Database\Exceptions\DatabaseException: Lock wait timeout exceeded; try restarting transaction
[Method: POST, Route: admin/updateProduct/1]
in SYSTEMPATH\Database\BaseConnection.php on line 688.
 1 SYSTEMPATH\Database\BaseBuilder.php(2508): CodeIgniter\Database\BaseConnection->query('UPDATE `products` SET `product_name` = :product_name:, `prod_price` = :prod_price:, `prod_description` = :prod_description:, `prod_qty` = :prod_qty:
WHERE `products`.`id` IN :products.id:', [...], false)
 2 SYSTEMPATH\Model.php(461): CodeIgniter\Database\BaseBuilder->update()
 3 SYSTEMPATH\BaseModel.php(1028): CodeIgniter\Model->doUpdate([...], [...])
 4 SYSTEMPATH\Model.php(865): CodeIgniter\BaseModel->update([...], [...])
 5 APPPATH\Controllers\Admin.php(59): CodeIgniter\Model->update('1', [...])
 6 SYSTEMPATH\CodeIgniter.php(933): App\Controllers\Admin->updateProduct('1')
 7 SYSTEMPATH\CodeIgniter.php(509): CodeIgniter\CodeIgniter->runController(Object(App\Controllers\Admin))
 8 SYSTEMPATH\CodeIgniter.php(355): CodeIgniter\CodeIgniter->handleRequest(null, Object(Config\Cache), false)
 9 SYSTEMPATH\Boot.php(325): CodeIgniter\CodeIgniter->run()
10 SYSTEMPATH\Boot.php(67): CodeIgniter\Boot::runCodeIgniter(Object(CodeIgniter\CodeIgniter))
11 FCPATH\index.php(56): CodeIgniter\Boot::bootWeb(Object(Config\Paths))
CRITICAL - 2024-07-13 06:50:52 --> [Caused by] CodeIgniter\Database\Exceptions\DatabaseException: Lock wait timeout exceeded; try restarting transaction
in SYSTEMPATH\Database\MySQLi\Connection.php on line 317.
 1 SYSTEMPATH\Database\BaseConnection.php(734): CodeIgniter\Database\MySQLi\Connection->execute('UPDATE `products` SET `product_name` = \'product1\', `prod_price` = \'2500.00\', `prod_description` = \'test\', `prod_qty` = \'5\'
WHERE `products`.`id` IN (\'1\')')
 2 SYSTEMPATH\Database\BaseConnection.php(648): CodeIgniter\Database\BaseConnection->simpleQuery('UPDATE `products` SET `product_name` = \'product1\', `prod_price` = \'2500.00\', `prod_description` = \'test\', `prod_qty` = \'5\'
WHERE `products`.`id` IN (\'1\')')
 3 SYSTEMPATH\Database\BaseBuilder.php(2508): CodeIgniter\Database\BaseConnection->query('UPDATE `products` SET `product_name` = :product_name:, `prod_price` = :prod_price:, `prod_description` = :prod_description:, `prod_qty` = :prod_qty:
WHERE `products`.`id` IN :products.id:', [...], false)
 4 SYSTEMPATH\Model.php(461): CodeIgniter\Database\BaseBuilder->update()
 5 SYSTEMPATH\BaseModel.php(1028): CodeIgniter\Model->doUpdate([...], [...])
 6 SYSTEMPATH\Model.php(865): CodeIgniter\BaseModel->update([...], [...])
 7 APPPATH\Controllers\Admin.php(59): CodeIgniter\Model->update('1', [...])
 8 SYSTEMPATH\CodeIgniter.php(933): App\Controllers\Admin->updateProduct('1')
 9 SYSTEMPATH\CodeIgniter.php(509): CodeIgniter\CodeIgniter->runController(Object(App\Controllers\Admin))
10 SYSTEMPATH\CodeIgniter.php(355): CodeIgniter\CodeIgniter->handleRequest(null, Object(Config\Cache), false)
11 SYSTEMPATH\Boot.php(325): CodeIgniter\CodeIgniter->run()
12 SYSTEMPATH\Boot.php(67): CodeIgniter\Boot::runCodeIgniter(Object(CodeIgniter\CodeIgniter))
13 FCPATH\index.php(56): CodeIgniter\Boot::bootWeb(Object(Config\Paths))
CRITICAL - 2024-07-13 06:50:52 --> [Caused by] mysqli_sql_exception: Lock wait timeout exceeded; try restarting transaction
in SYSTEMPATH\Database\MySQLi\Connection.php on line 312.
 1 SYSTEMPATH\Database\MySQLi\Connection.php(312): mysqli->query('UPDATE `products` SET `product_name` = \'product1\', `prod_price` = \'2500.00\', `prod_description` = \'test\', `prod_qty` = \'5\'
WHERE `products`.`id` IN (\'1\')', 0)
 2 SYSTEMPATH\Database\BaseConnection.php(734): CodeIgniter\Database\MySQLi\Connection->execute('UPDATE `products` SET `product_name` = \'product1\', `prod_price` = \'2500.00\', `prod_description` = \'test\', `prod_qty` = \'5\'
WHERE `products`.`id` IN (\'1\')')
 3 SYSTEMPATH\Database\BaseConnection.php(648): CodeIgniter\Database\BaseConnection->simpleQuery('UPDATE `products` SET `product_name` = \'product1\', `prod_price` = \'2500.00\', `prod_description` = \'test\', `prod_qty` = \'5\'
WHERE `products`.`id` IN (\'1\')')
 4 SYSTEMPATH\Database\BaseBuilder.php(2508): CodeIgniter\Database\BaseConnection->query('UPDATE `products` SET `product_name` = :product_name:, `prod_price` = :prod_price:, `prod_description` = :prod_description:, `prod_qty` = :prod_qty:
WHERE `products`.`id` IN :products.id:', [...], false)
 5 SYSTEMPATH\Model.php(461): CodeIgniter\Database\BaseBuilder->update()
 6 SYSTEMPATH\BaseModel.php(1028): CodeIgniter\Model->doUpdate([...], [...])
 7 SYSTEMPATH\Model.php(865): CodeIgniter\BaseModel->update([...], [...])
 8 APPPATH\Controllers\Admin.php(59): CodeIgniter\Model->update('1', [...])
 9 SYSTEMPATH\CodeIgniter.php(933): App\Controllers\Admin->updateProduct('1')
10 SYSTEMPATH\CodeIgniter.php(509): CodeIgniter\CodeIgniter->runController(Object(App\Controllers\Admin))
11 SYSTEMPATH\CodeIgniter.php(355): CodeIgniter\CodeIgniter->handleRequest(null, Object(Config\Cache), false)
12 SYSTEMPATH\Boot.php(325): CodeIgniter\CodeIgniter->run()
13 SYSTEMPATH\Boot.php(67): CodeIgniter\Boot::runCodeIgniter(Object(CodeIgniter\CodeIgniter))
14 FCPATH\index.php(56): CodeIgniter\Boot::bootWeb(Object(Config\Paths))
ERROR - 2024-07-13 06:51:48 --> mysqli_sql_exception: Lock wait timeout exceeded; try restarting transaction in C:\xampp\htdocs\ecommerce\system\Database\MySQLi\Connection.php:312
Stack trace:
#0 C:\xampp\htdocs\ecommerce\system\Database\MySQLi\Connection.php(312): mysqli->query('UPDATE `product...', 0)
#1 C:\xampp\htdocs\ecommerce\system\Database\BaseConnection.php(734): CodeIgniter\Database\MySQLi\Connection->execute('UPDATE `product...')
#2 C:\xampp\htdocs\ecommerce\system\Database\BaseConnection.php(648): CodeIgniter\Database\BaseConnection->simpleQuery('UPDATE `product...')
#3 C:\xampp\htdocs\ecommerce\system\Database\BaseBuilder.php(2508): CodeIgniter\Database\BaseConnection->query('UPDATE `product...', Array, false)
#4 C:\xampp\htdocs\ecommerce\system\Model.php(461): CodeIgniter\Database\BaseBuilder->update()
#5 C:\xampp\htdocs\ecommerce\system\BaseModel.php(1028): CodeIgniter\Model->doUpdate(Array, Array)
#6 C:\xampp\htdocs\ecommerce\system\Model.php(865): CodeIgniter\BaseModel->update(Array, Array)
#7 C:\xampp\htdocs\ecommerce\app\Controllers\Admin.php(59): CodeIgniter\Model->update('1', Array)
#8 C:\xampp\htdocs\ecommerce\system\CodeIgniter.php(933): App\Controllers\Admin->updateProduct('1')
#9 C:\xampp\htdocs\ecommerce\system\CodeIgniter.php(509): CodeIgniter\CodeIgniter->runController(Object(App\Controllers\Admin))
#10 C:\xampp\htdocs\ecommerce\system\CodeIgniter.php(355): CodeIgniter\CodeIgniter->handleRequest(NULL, Object(Config\Cache), false)
#11 C:\xampp\htdocs\ecommerce\system\Boot.php(325): CodeIgniter\CodeIgniter->run()
#12 C:\xampp\htdocs\ecommerce\system\Boot.php(67): CodeIgniter\Boot::runCodeIgniter(Object(CodeIgniter\CodeIgniter))
#13 C:\xampp\htdocs\ecommerce\public\index.php(56): CodeIgniter\Boot::bootWeb(Object(Config\Paths))
#14 {main}
CRITICAL - 2024-07-13 06:51:48 --> CodeIgniter\Database\Exceptions\DatabaseException: Lock wait timeout exceeded; try restarting transaction
[Method: POST, Route: admin/updateProduct/1]
in SYSTEMPATH\Database\BaseConnection.php on line 688.
 1 SYSTEMPATH\Database\BaseBuilder.php(2508): CodeIgniter\Database\BaseConnection->query('UPDATE `products` SET `product_name` = :product_name:
WHERE `products`.`id` IN :products.id:', [...], false)
 2 SYSTEMPATH\Model.php(461): CodeIgniter\Database\BaseBuilder->update()
 3 SYSTEMPATH\BaseModel.php(1028): CodeIgniter\Model->doUpdate([...], [...])
 4 SYSTEMPATH\Model.php(865): CodeIgniter\BaseModel->update([...], [...])
 5 APPPATH\Controllers\Admin.php(59): CodeIgniter\Model->update('1', [...])
 6 SYSTEMPATH\CodeIgniter.php(933): App\Controllers\Admin->updateProduct('1')
 7 SYSTEMPATH\CodeIgniter.php(509): CodeIgniter\CodeIgniter->runController(Object(App\Controllers\Admin))
 8 SYSTEMPATH\CodeIgniter.php(355): CodeIgniter\CodeIgniter->handleRequest(null, Object(Config\Cache), false)
 9 SYSTEMPATH\Boot.php(325): CodeIgniter\CodeIgniter->run()
10 SYSTEMPATH\Boot.php(67): CodeIgniter\Boot::runCodeIgniter(Object(CodeIgniter\CodeIgniter))
11 FCPATH\index.php(56): CodeIgniter\Boot::bootWeb(Object(Config\Paths))
CRITICAL - 2024-07-13 06:51:48 --> [Caused by] CodeIgniter\Database\Exceptions\DatabaseException: Lock wait timeout exceeded; try restarting transaction
in SYSTEMPATH\Database\MySQLi\Connection.php on line 317.
 1 SYSTEMPATH\Database\BaseConnection.php(734): CodeIgniter\Database\MySQLi\Connection->execute('UPDATE `products` SET `product_name` = \'product1\'
WHERE `products`.`id` IN (\'1\')')
 2 SYSTEMPATH\Database\BaseConnection.php(648): CodeIgniter\Database\BaseConnection->simpleQuery('UPDATE `products` SET `product_name` = \'product1\'
WHERE `products`.`id` IN (\'1\')')
 3 SYSTEMPATH\Database\BaseBuilder.php(2508): CodeIgniter\Database\BaseConnection->query('UPDATE `products` SET `product_name` = :product_name:
WHERE `products`.`id` IN :products.id:', [...], false)
 4 SYSTEMPATH\Model.php(461): CodeIgniter\Database\BaseBuilder->update()
 5 SYSTEMPATH\BaseModel.php(1028): CodeIgniter\Model->doUpdate([...], [...])
 6 SYSTEMPATH\Model.php(865): CodeIgniter\BaseModel->update([...], [...])
 7 APPPATH\Controllers\Admin.php(59): CodeIgniter\Model->update('1', [...])
 8 SYSTEMPATH\CodeIgniter.php(933): App\Controllers\Admin->updateProduct('1')
 9 SYSTEMPATH\CodeIgniter.php(509): CodeIgniter\CodeIgniter->runController(Object(App\Controllers\Admin))
10 SYSTEMPATH\CodeIgniter.php(355): CodeIgniter\CodeIgniter->handleRequest(null, Object(Config\Cache), false)
11 SYSTEMPATH\Boot.php(325): CodeIgniter\CodeIgniter->run()
12 SYSTEMPATH\Boot.php(67): CodeIgniter\Boot::runCodeIgniter(Object(CodeIgniter\CodeIgniter))
13 FCPATH\index.php(56): CodeIgniter\Boot::bootWeb(Object(Config\Paths))
CRITICAL - 2024-07-13 06:51:48 --> [Caused by] mysqli_sql_exception: Lock wait timeout exceeded; try restarting transaction
in SYSTEMPATH\Database\MySQLi\Connection.php on line 312.
 1 SYSTEMPATH\Database\MySQLi\Connection.php(312): mysqli->query('UPDATE `products` SET `product_name` = \'product1\'
WHERE `products`.`id` IN (\'1\')', 0)
 2 SYSTEMPATH\Database\BaseConnection.php(734): CodeIgniter\Database\MySQLi\Connection->execute('UPDATE `products` SET `product_name` = \'product1\'
WHERE `products`.`id` IN (\'1\')')
 3 SYSTEMPATH\Database\BaseConnection.php(648): CodeIgniter\Database\BaseConnection->simpleQuery('UPDATE `products` SET `product_name` = \'product1\'
WHERE `products`.`id` IN (\'1\')')
 4 SYSTEMPATH\Database\BaseBuilder.php(2508): CodeIgniter\Database\BaseConnection->query('UPDATE `products` SET `product_name` = :product_name:
WHERE `products`.`id` IN :products.id:', [...], false)
 5 SYSTEMPATH\Model.php(461): CodeIgniter\Database\BaseBuilder->update()
 6 SYSTEMPATH\BaseModel.php(1028): CodeIgniter\Model->doUpdate([...], [...])
 7 SYSTEMPATH\Model.php(865): CodeIgniter\BaseModel->update([...], [...])
 8 APPPATH\Controllers\Admin.php(59): CodeIgniter\Model->update('1', [...])
 9 SYSTEMPATH\CodeIgniter.php(933): App\Controllers\Admin->updateProduct('1')
10 SYSTEMPATH\CodeIgniter.php(509): CodeIgniter\CodeIgniter->runController(Object(App\Controllers\Admin))
11 SYSTEMPATH\CodeIgniter.php(355): CodeIgniter\CodeIgniter->handleRequest(null, Object(Config\Cache), false)
12 SYSTEMPATH\Boot.php(325): CodeIgniter\CodeIgniter->run()
13 SYSTEMPATH\Boot.php(67): CodeIgniter\Boot::runCodeIgniter(Object(CodeIgniter\CodeIgniter))
14 FCPATH\index.php(56): CodeIgniter\Boot::bootWeb(Object(Config\Paths))
CRITICAL - 2024-07-13 06:55:40 --> ErrorException: Maximum execution time of 120 seconds exceeded
[Method: POST, Route: admin/updateProduct/1]
in SYSTEMPATH\Database\MySQLi\Connection.php on line 313.
 1 [internal function]: CodeIgniter\Debug\Exceptions->shutdownHandler()
ERROR - 2024-07-13 06:56:43 --> Error connecting to the database: mysqli_sql_exception: No connection could be made because the target machine actively refused it in C:\xampp\htdocs\ecommerce\system\Database\MySQLi\Connection.php:187
Stack trace:
#0 C:\xampp\htdocs\ecommerce\system\Database\MySQLi\Connection.php(187): mysqli->real_connect('localhost', 'root', '', 'ecommerce', 3306, '', 0)
#1 C:\xampp\htdocs\ecommerce\system\Database\BaseConnection.php(421): CodeIgniter\Database\MySQLi\Connection->connect(false)
#2 C:\xampp\htdocs\ecommerce\system\Database\BaseConnection.php(616): CodeIgniter\Database\BaseConnection->initialize()
#3 C:\xampp\htdocs\ecommerce\system\Database\BaseBuilder.php(2508): CodeIgniter\Database\BaseConnection->query('UPDATE `product...', Array, false)
#4 C:\xampp\htdocs\ecommerce\system\Model.php(461): CodeIgniter\Database\BaseBuilder->update()
#5 C:\xampp\htdocs\ecommerce\system\BaseModel.php(1028): CodeIgniter\Model->doUpdate(Array, Array)
#6 C:\xampp\htdocs\ecommerce\system\Model.php(865): CodeIgniter\BaseModel->update(Array, Array)
#7 C:\xampp\htdocs\ecommerce\app\Controllers\Admin.php(61): CodeIgniter\Model->update('1', Array)
#8 C:\xampp\htdocs\ecommerce\system\CodeIgniter.php(933): App\Controllers\Admin->updateProduct('1')
#9 C:\xampp\htdocs\ecommerce\system\CodeIgniter.php(509): CodeIgniter\CodeIgniter->runController(Object(App\Controllers\Admin))
#10 C:\xampp\htdocs\ecommerce\system\CodeIgniter.php(355): CodeIgniter\CodeIgniter->handleRequest(NULL, Object(Config\Cache), false)
#11 C:\xampp\htdocs\ecommerce\system\Boot.php(325): CodeIgniter\CodeIgniter->run()
#12 C:\xampp\htdocs\ecommerce\system\Boot.php(67): CodeIgniter\Boot::runCodeIgniter(Object(CodeIgniter\CodeIgniter))
#13 C:\xampp\htdocs\ecommerce\public\index.php(56): CodeIgniter\Boot::bootWeb(Object(Config\Paths))
#14 {main}

Next CodeIgniter\Database\Exceptions\DatabaseException: No connection could be made because the target machine actively refused it in C:\xampp\htdocs\ecommerce\system\Database\MySQLi\Connection.php:231
Stack trace:
#0 C:\xampp\htdocs\ecommerce\system\Database\BaseConnection.php(421): CodeIgniter\Database\MySQLi\Connection->connect(false)
#1 C:\xampp\htdocs\ecommerce\system\Database\BaseConnection.php(616): CodeIgniter\Database\BaseConnection->initialize()
#2 C:\xampp\htdocs\ecommerce\system\Database\BaseBuilder.php(2508): CodeIgniter\Database\BaseConnection->query('UPDATE `product...', Array, false)
#3 C:\xampp\htdocs\ecommerce\system\Model.php(461): CodeIgniter\Database\BaseBuilder->update()
#4 C:\xampp\htdocs\ecommerce\system\BaseModel.php(1028): CodeIgniter\Model->doUpdate(Array, Array)
#5 C:\xampp\htdocs\ecommerce\system\Model.php(865): CodeIgniter\BaseModel->update(Array, Array)
#6 C:\xampp\htdocs\ecommerce\app\Controllers\Admin.php(61): CodeIgniter\Model->update('1', Array)
#7 C:\xampp\htdocs\ecommerce\system\CodeIgniter.php(933): App\Controllers\Admin->updateProduct('1')
#8 C:\xampp\htdocs\ecommerce\system\CodeIgniter.php(509): CodeIgniter\CodeIgniter->runController(Object(App\Controllers\Admin))
#9 C:\xampp\htdocs\ecommerce\system\CodeIgniter.php(355): CodeIgniter\CodeIgniter->handleRequest(NULL, Object(Config\Cache), false)
#10 C:\xampp\htdocs\ecommerce\system\Boot.php(325): CodeIgniter\CodeIgniter->run()
#11 C:\xampp\htdocs\ecommerce\system\Boot.php(67): CodeIgniter\Boot::runCodeIgniter(Object(CodeIgniter\CodeIgniter))
#12 C:\xampp\htdocs\ecommerce\public\index.php(56): CodeIgniter\Boot::bootWeb(Object(Config\Paths))
#13 {main}
CRITICAL - 2024-07-13 06:56:43 --> CodeIgniter\Database\Exceptions\DatabaseException: Unable to connect to the database.
Main connection [MySQLi]: No connection could be made because the target machine actively refused it
[Method: POST, Route: admin/updateProduct/1]
in SYSTEMPATH\Database\BaseConnection.php on line 467.
 1 SYSTEMPATH\Database\BaseConnection.php(616): CodeIgniter\Database\BaseConnection->initialize()
 2 SYSTEMPATH\Database\BaseBuilder.php(2508): CodeIgniter\Database\BaseConnection->query('UPDATE `products` SET `product_name` = :product_name:
WHERE `products`.`id` IN :products.id:', [...], false)
 3 SYSTEMPATH\Model.php(461): CodeIgniter\Database\BaseBuilder->update()
 4 SYSTEMPATH\BaseModel.php(1028): CodeIgniter\Model->doUpdate([...], [...])
 5 SYSTEMPATH\Model.php(865): CodeIgniter\BaseModel->update([...], [...])
 6 APPPATH\Controllers\Admin.php(61): CodeIgniter\Model->update('1', [...])
 7 SYSTEMPATH\CodeIgniter.php(933): App\Controllers\Admin->updateProduct('1')
 8 SYSTEMPATH\CodeIgniter.php(509): CodeIgniter\CodeIgniter->runController(Object(App\Controllers\Admin))
 9 SYSTEMPATH\CodeIgniter.php(355): CodeIgniter\CodeIgniter->handleRequest(null, Object(Config\Cache), false)
10 SYSTEMPATH\Boot.php(325): CodeIgniter\CodeIgniter->run()
11 SYSTEMPATH\Boot.php(67): CodeIgniter\Boot::runCodeIgniter(Object(CodeIgniter\CodeIgniter))
12 FCPATH\index.php(56): CodeIgniter\Boot::bootWeb(Object(Config\Paths))
ERROR - 2024-07-13 06:57:15 --> Error connecting to the database: mysqli_sql_exception: No connection could be made because the target machine actively refused it in C:\xampp\htdocs\ecommerce\system\Database\MySQLi\Connection.php:187
Stack trace:
#0 C:\xampp\htdocs\ecommerce\system\Database\MySQLi\Connection.php(187): mysqli->real_connect('localhost', 'root', '', 'ecommerce', 3306, '', 0)
#1 C:\xampp\htdocs\ecommerce\system\Database\BaseConnection.php(421): CodeIgniter\Database\MySQLi\Connection->connect(false)
#2 C:\xampp\htdocs\ecommerce\system\Database\BaseConnection.php(616): CodeIgniter\Database\BaseConnection->initialize()
#3 C:\xampp\htdocs\ecommerce\system\Database\BaseBuilder.php(2508): CodeIgniter\Database\BaseConnection->query('UPDATE `product...', Array, false)
#4 C:\xampp\htdocs\ecommerce\system\Model.php(461): CodeIgniter\Database\BaseBuilder->update()
#5 C:\xampp\htdocs\ecommerce\system\BaseModel.php(1028): CodeIgniter\Model->doUpdate(Array, Array)
#6 C:\xampp\htdocs\ecommerce\system\Model.php(865): CodeIgniter\BaseModel->update(Array, Array)
#7 C:\xampp\htdocs\ecommerce\app\Controllers\Admin.php(61): CodeIgniter\Model->update('1', Array)
#8 C:\xampp\htdocs\ecommerce\system\CodeIgniter.php(933): App\Controllers\Admin->updateProduct('1')
#9 C:\xampp\htdocs\ecommerce\system\CodeIgniter.php(509): CodeIgniter\CodeIgniter->runController(Object(App\Controllers\Admin))
#10 C:\xampp\htdocs\ecommerce\system\CodeIgniter.php(355): CodeIgniter\CodeIgniter->handleRequest(NULL, Object(Config\Cache), false)
#11 C:\xampp\htdocs\ecommerce\system\Boot.php(325): CodeIgniter\CodeIgniter->run()
#12 C:\xampp\htdocs\ecommerce\system\Boot.php(67): CodeIgniter\Boot::runCodeIgniter(Object(CodeIgniter\CodeIgniter))
#13 C:\xampp\htdocs\ecommerce\public\index.php(56): CodeIgniter\Boot::bootWeb(Object(Config\Paths))
#14 {main}

Next CodeIgniter\Database\Exceptions\DatabaseException: No connection could be made because the target machine actively refused it in C:\xampp\htdocs\ecommerce\system\Database\MySQLi\Connection.php:231
Stack trace:
#0 C:\xampp\htdocs\ecommerce\system\Database\BaseConnection.php(421): CodeIgniter\Database\MySQLi\Connection->connect(false)
#1 C:\xampp\htdocs\ecommerce\system\Database\BaseConnection.php(616): CodeIgniter\Database\BaseConnection->initialize()
#2 C:\xampp\htdocs\ecommerce\system\Database\BaseBuilder.php(2508): CodeIgniter\Database\BaseConnection->query('UPDATE `product...', Array, false)
#3 C:\xampp\htdocs\ecommerce\system\Model.php(461): CodeIgniter\Database\BaseBuilder->update()
#4 C:\xampp\htdocs\ecommerce\system\BaseModel.php(1028): CodeIgniter\Model->doUpdate(Array, Array)
#5 C:\xampp\htdocs\ecommerce\system\Model.php(865): CodeIgniter\BaseModel->update(Array, Array)
#6 C:\xampp\htdocs\ecommerce\app\Controllers\Admin.php(61): CodeIgniter\Model->update('1', Array)
#7 C:\xampp\htdocs\ecommerce\system\CodeIgniter.php(933): App\Controllers\Admin->updateProduct('1')
#8 C:\xampp\htdocs\ecommerce\system\CodeIgniter.php(509): CodeIgniter\CodeIgniter->runController(Object(App\Controllers\Admin))
#9 C:\xampp\htdocs\ecommerce\system\CodeIgniter.php(355): CodeIgniter\CodeIgniter->handleRequest(NULL, Object(Config\Cache), false)
#10 C:\xampp\htdocs\ecommerce\system\Boot.php(325): CodeIgniter\CodeIgniter->run()
#11 C:\xampp\htdocs\ecommerce\system\Boot.php(67): CodeIgniter\Boot::runCodeIgniter(Object(CodeIgniter\CodeIgniter))
#12 C:\xampp\htdocs\ecommerce\public\index.php(56): CodeIgniter\Boot::bootWeb(Object(Config\Paths))
#13 {main}
CRITICAL - 2024-07-13 06:57:15 --> CodeIgniter\Database\Exceptions\DatabaseException: Unable to connect to the database.
Main connection [MySQLi]: No connection could be made because the target machine actively refused it
[Method: POST, Route: admin/updateProduct/1]
in SYSTEMPATH\Database\BaseConnection.php on line 467.
 1 SYSTEMPATH\Database\BaseConnection.php(616): CodeIgniter\Database\BaseConnection->initialize()
 2 SYSTEMPATH\Database\BaseBuilder.php(2508): CodeIgniter\Database\BaseConnection->query('UPDATE `products` SET `product_name` = :product_name:, `prod_description` = :prod_description:, `prod_qty` = :prod_qty:, `prod_price` = :prod_price:
WHERE `products`.`id` IN :products.id:', [...], false)
 3 SYSTEMPATH\Model.php(461): CodeIgniter\Database\BaseBuilder->update()
 4 SYSTEMPATH\BaseModel.php(1028): CodeIgniter\Model->doUpdate([...], [...])
 5 SYSTEMPATH\Model.php(865): CodeIgniter\BaseModel->update([...], [...])
 6 APPPATH\Controllers\Admin.php(61): CodeIgniter\Model->update('1', [...])
 7 SYSTEMPATH\CodeIgniter.php(933): App\Controllers\Admin->updateProduct('1')
 8 SYSTEMPATH\CodeIgniter.php(509): CodeIgniter\CodeIgniter->runController(Object(App\Controllers\Admin))
 9 SYSTEMPATH\CodeIgniter.php(355): CodeIgniter\CodeIgniter->handleRequest(null, Object(Config\Cache), false)
10 SYSTEMPATH\Boot.php(325): CodeIgniter\CodeIgniter->run()
11 SYSTEMPATH\Boot.php(67): CodeIgniter\Boot::runCodeIgniter(Object(CodeIgniter\CodeIgniter))
12 FCPATH\index.php(56): CodeIgniter\Boot::bootWeb(Object(Config\Paths))
CRITICAL - 2024-07-13 06:58:40 --> Error: Class "App\Controllers\Database" not found
[Method: POST, Route: admin/updateProduct/1]
in APPPATH\Controllers\Admin.php on line 51.
 1 SYSTEMPATH\CodeIgniter.php(933): App\Controllers\Admin->updateProduct('1')
 2 SYSTEMPATH\CodeIgniter.php(509): CodeIgniter\CodeIgniter->runController(Object(App\Controllers\Admin))
 3 SYSTEMPATH\CodeIgniter.php(355): CodeIgniter\CodeIgniter->handleRequest(null, Object(Config\Cache), false)
 4 SYSTEMPATH\Boot.php(325): CodeIgniter\CodeIgniter->run()
 5 SYSTEMPATH\Boot.php(67): CodeIgniter\Boot::runCodeIgniter(Object(CodeIgniter\CodeIgniter))
 6 FCPATH\index.php(56): CodeIgniter\Boot::bootWeb(Object(Config\Paths))
ERROR - 2024-07-13 07:01:06 --> Error connecting to the database: mysqli_sql_exception: No connection could be made because the target machine actively refused it in C:\xampp\htdocs\ecommerce\system\Database\MySQLi\Connection.php:187
Stack trace:
#0 C:\xampp\htdocs\ecommerce\system\Database\MySQLi\Connection.php(187): mysqli->real_connect('localhost', 'root', '', 'ecommerce', 3306, '', 0)
#1 C:\xampp\htdocs\ecommerce\system\Database\BaseConnection.php(421): CodeIgniter\Database\MySQLi\Connection->connect(false)
#2 C:\xampp\htdocs\ecommerce\system\Database\BaseConnection.php(616): CodeIgniter\Database\BaseConnection->initialize()
#3 C:\xampp\htdocs\ecommerce\system\Database\BaseBuilder.php(1636): CodeIgniter\Database\BaseConnection->query('SELECT *\nFROM `...', Array, false)
#4 C:\xampp\htdocs\ecommerce\system\Model.php(330): CodeIgniter\Database\BaseBuilder->get()
#5 C:\xampp\htdocs\ecommerce\system\BaseModel.php(714): CodeIgniter\Model->doFirst()
#6 C:\xampp\htdocs\ecommerce\app\Controllers\Login.php(24): CodeIgniter\BaseModel->first()
#7 C:\xampp\htdocs\ecommerce\system\CodeIgniter.php(933): App\Controllers\Login->authenticate()
#8 C:\xampp\htdocs\ecommerce\system\CodeIgniter.php(509): CodeIgniter\CodeIgniter->runController(Object(App\Controllers\Login))
#9 C:\xampp\htdocs\ecommerce\system\CodeIgniter.php(355): CodeIgniter\CodeIgniter->handleRequest(NULL, Object(Config\Cache), false)
#10 C:\xampp\htdocs\ecommerce\system\Boot.php(325): CodeIgniter\CodeIgniter->run()
#11 C:\xampp\htdocs\ecommerce\system\Boot.php(67): CodeIgniter\Boot::runCodeIgniter(Object(CodeIgniter\CodeIgniter))
#12 C:\xampp\htdocs\ecommerce\public\index.php(56): CodeIgniter\Boot::bootWeb(Object(Config\Paths))
#13 {main}

Next CodeIgniter\Database\Exceptions\DatabaseException: No connection could be made because the target machine actively refused it in C:\xampp\htdocs\ecommerce\system\Database\MySQLi\Connection.php:231
Stack trace:
#0 C:\xampp\htdocs\ecommerce\system\Database\BaseConnection.php(421): CodeIgniter\Database\MySQLi\Connection->connect(false)
#1 C:\xampp\htdocs\ecommerce\system\Database\BaseConnection.php(616): CodeIgniter\Database\BaseConnection->initialize()
#2 C:\xampp\htdocs\ecommerce\system\Database\BaseBuilder.php(1636): CodeIgniter\Database\BaseConnection->query('SELECT *\nFROM `...', Array, false)
#3 C:\xampp\htdocs\ecommerce\system\Model.php(330): CodeIgniter\Database\BaseBuilder->get()
#4 C:\xampp\htdocs\ecommerce\system\BaseModel.php(714): CodeIgniter\Model->doFirst()
#5 C:\xampp\htdocs\ecommerce\app\Controllers\Login.php(24): CodeIgniter\BaseModel->first()
#6 C:\xampp\htdocs\ecommerce\system\CodeIgniter.php(933): App\Controllers\Login->authenticate()
#7 C:\xampp\htdocs\ecommerce\system\CodeIgniter.php(509): CodeIgniter\CodeIgniter->runController(Object(App\Controllers\Login))
#8 C:\xampp\htdocs\ecommerce\system\CodeIgniter.php(355): CodeIgniter\CodeIgniter->handleRequest(NULL, Object(Config\Cache), false)
#9 C:\xampp\htdocs\ecommerce\system\Boot.php(325): CodeIgniter\CodeIgniter->run()
#10 C:\xampp\htdocs\ecommerce\system\Boot.php(67): CodeIgniter\Boot::runCodeIgniter(Object(CodeIgniter\CodeIgniter))
#11 C:\xampp\htdocs\ecommerce\public\index.php(56): CodeIgniter\Boot::bootWeb(Object(Config\Paths))
#12 {main}
CRITICAL - 2024-07-13 07:01:06 --> CodeIgniter\Database\Exceptions\DatabaseException: Unable to connect to the database.
Main connection [MySQLi]: No connection could be made because the target machine actively refused it
[Method: POST, Route: login/authenticate]
in SYSTEMPATH\Database\BaseConnection.php on line 467.
 1 SYSTEMPATH\Database\BaseConnection.php(616): CodeIgniter\Database\BaseConnection->initialize()
 2 SYSTEMPATH\Database\BaseBuilder.php(1636): CodeIgniter\Database\BaseConnection->query('SELECT *
FROM `user_login_table`
WHERE `name` = :name:
AND `password` = :password:
 LIMIT 1', [...], false)
 3 SYSTEMPATH\Model.php(330): CodeIgniter\Database\BaseBuilder->get()
 4 SYSTEMPATH\BaseModel.php(714): CodeIgniter\Model->doFirst()
 5 APPPATH\Controllers\Login.php(24): CodeIgniter\BaseModel->first()
 6 SYSTEMPATH\CodeIgniter.php(933): App\Controllers\Login->authenticate()
 7 SYSTEMPATH\CodeIgniter.php(509): CodeIgniter\CodeIgniter->runController(Object(App\Controllers\Login))
 8 SYSTEMPATH\CodeIgniter.php(355): CodeIgniter\CodeIgniter->handleRequest(null, Object(Config\Cache), false)
 9 SYSTEMPATH\Boot.php(325): CodeIgniter\CodeIgniter->run()
10 SYSTEMPATH\Boot.php(67): CodeIgniter\Boot::runCodeIgniter(Object(CodeIgniter\CodeIgniter))
11 FCPATH\index.php(56): CodeIgniter\Boot::bootWeb(Object(Config\Paths))
CRITICAL - 2024-07-13 07:02:04 --> CodeIgniter\View\Exceptions\ViewException: Invalid file: "admin/products.php"
[Method: GET, Route: admin/products]
in SYSTEMPATH\Exceptions\FrameworkException.php on line 41.
 1 SYSTEMPATH\View\View.php(222): CodeIgniter\Exceptions\FrameworkException::forInvalidFile('admin/products.php')
 2 SYSTEMPATH\Common.php(1171): CodeIgniter\View\View->render('admin/products', [], true)
 3 APPPATH\Controllers\Admin.php(37): view('admin/products', [...])
 4 SYSTEMPATH\CodeIgniter.php(933): App\Controllers\Admin->products()
 5 SYSTEMPATH\CodeIgniter.php(509): CodeIgniter\CodeIgniter->runController(Object(App\Controllers\Admin))
 6 SYSTEMPATH\CodeIgniter.php(355): CodeIgniter\CodeIgniter->handleRequest(null, Object(Config\Cache), false)
 7 SYSTEMPATH\Boot.php(325): CodeIgniter\CodeIgniter->run()
 8 SYSTEMPATH\Boot.php(67): CodeIgniter\Boot::runCodeIgniter(Object(CodeIgniter\CodeIgniter))
 9 FCPATH\index.php(56): CodeIgniter\Boot::bootWeb(Object(Config\Paths))
CRITICAL - 2024-07-13 07:03:21 --> CodeIgniter\View\Exceptions\ViewException: Invalid file: "admin/products.php"
[Method: GET, Route: admin/products]
in SYSTEMPATH\Exceptions\FrameworkException.php on line 41.
 1 SYSTEMPATH\View\View.php(222): CodeIgniter\Exceptions\FrameworkException::forInvalidFile('admin/products.php')
 2 SYSTEMPATH\Common.php(1171): CodeIgniter\View\View->render('admin/products', [], true)
 3 APPPATH\Controllers\Admin.php(37): view('admin/products', [...])
 4 SYSTEMPATH\CodeIgniter.php(933): App\Controllers\Admin->products()
 5 SYSTEMPATH\CodeIgniter.php(509): CodeIgniter\CodeIgniter->runController(Object(App\Controllers\Admin))
 6 SYSTEMPATH\CodeIgniter.php(355): CodeIgniter\CodeIgniter->handleRequest(null, Object(Config\Cache), false)
 7 SYSTEMPATH\Boot.php(325): CodeIgniter\CodeIgniter->run()
 8 SYSTEMPATH\Boot.php(67): CodeIgniter\Boot::runCodeIgniter(Object(CodeIgniter\CodeIgniter))
 9 FCPATH\index.php(56): CodeIgniter\Boot::bootWeb(Object(Config\Paths))
CRITICAL - 2024-07-13 08:17:38 --> ErrorException: Undefined global variable $_SESSION
[Method: POST, Route: customer/dashboard2/example]
in APPPATH\Controllers\Customer.php on line 12.
 1 APPPATH\Controllers\Customer.php(12): CodeIgniter\Debug\Exceptions->errorHandler(2, 'Undefined global variable $_SESSION', 'C:\\xampp\\htdocs\\ecommerce\\app\\Controllers\\Customer.php', 12)
 2 SYSTEMPATH\CodeIgniter.php(933): App\Controllers\Customer->dashboard2('example')
 3 SYSTEMPATH\CodeIgniter.php(509): CodeIgniter\CodeIgniter->runController(Object(App\Controllers\Customer))
 4 SYSTEMPATH\CodeIgniter.php(355): CodeIgniter\CodeIgniter->handleRequest(null, Object(Config\Cache), false)
 5 SYSTEMPATH\Boot.php(325): CodeIgniter\CodeIgniter->run()
 6 SYSTEMPATH\Boot.php(67): CodeIgniter\Boot::runCodeIgniter(Object(CodeIgniter\CodeIgniter))
 7 FCPATH\index.php(56): CodeIgniter\Boot::bootWeb(Object(Config\Paths))
ERROR - 2024-07-13 09:05:18 --> mysqli_sql_exception: Unknown column 'products.prod_price*customer_products.quantity' in 'field list' in C:\xampp\htdocs\ecommerce\system\Database\MySQLi\Connection.php:312
Stack trace:
#0 C:\xampp\htdocs\ecommerce\system\Database\MySQLi\Connection.php(312): mysqli->query('SELECT `user_lo...', 0)
#1 C:\xampp\htdocs\ecommerce\system\Database\BaseConnection.php(734): CodeIgniter\Database\MySQLi\Connection->execute('SELECT `user_lo...')
#2 C:\xampp\htdocs\ecommerce\system\Database\BaseConnection.php(648): CodeIgniter\Database\BaseConnection->simpleQuery('SELECT `user_lo...')
#3 C:\xampp\htdocs\ecommerce\system\Database\BaseBuilder.php(1636): CodeIgniter\Database\BaseConnection->query('SELECT `user_lo...', Array, false)
#4 C:\xampp\htdocs\ecommerce\system\Model.php(286): CodeIgniter\Database\BaseBuilder->get()
#5 C:\xampp\htdocs\ecommerce\system\BaseModel.php(676): CodeIgniter\Model->doFindAll(0, 0)
#6 C:\xampp\htdocs\ecommerce\app\Controllers\Customer.php(118): CodeIgniter\BaseModel->findAll()
#7 C:\xampp\htdocs\ecommerce\system\CodeIgniter.php(933): App\Controllers\Customer->getcustomerorders()
#8 C:\xampp\htdocs\ecommerce\system\CodeIgniter.php(509): CodeIgniter\CodeIgniter->runController(Object(App\Controllers\Customer))
#9 C:\xampp\htdocs\ecommerce\system\CodeIgniter.php(355): CodeIgniter\CodeIgniter->handleRequest(NULL, Object(Config\Cache), false)
#10 C:\xampp\htdocs\ecommerce\system\Boot.php(325): CodeIgniter\CodeIgniter->run()
#11 C:\xampp\htdocs\ecommerce\system\Boot.php(67): CodeIgniter\Boot::runCodeIgniter(Object(CodeIgniter\CodeIgniter))
#12 C:\xampp\htdocs\ecommerce\public\index.php(56): CodeIgniter\Boot::bootWeb(Object(Config\Paths))
#13 {main}
CRITICAL - 2024-07-13 09:05:18 --> CodeIgniter\Database\Exceptions\DatabaseException: Unknown column 'products.prod_price*customer_products.quantity' in 'field list'
[Method: GET, Route: customer/getcustomerorders]
in SYSTEMPATH\Database\BaseConnection.php on line 688.
 1 SYSTEMPATH\Database\BaseBuilder.php(1636): CodeIgniter\Database\BaseConnection->query('SELECT `user_login_table`.`name`, `customer_products`.`id`, `customer_products`.`product_id`, `products`.`product_name`, `customer_products`.`quantity`, `customer_products`.`created_at`, `products`.`prod_price`, `products`.`prod_price*customer_products`.`quantity` as `total_amount`
FROM `customer_products`
JOIN `products` ON `products`.`id` = `customer_products`.`product_id`
JOIN `user_login_table` ON `user_login_table`.`id` = `customer_products`.`customer_id`
WHERE `customer_products`.`customer_id` = :customer_products.customer_id:', [...], false)
 2 SYSTEMPATH\Model.php(286): CodeIgniter\Database\BaseBuilder->get()
 3 SYSTEMPATH\BaseModel.php(676): CodeIgniter\Model->doFindAll(0, 0)
 4 APPPATH\Controllers\Customer.php(118): CodeIgniter\BaseModel->findAll()
 5 SYSTEMPATH\CodeIgniter.php(933): App\Controllers\Customer->getcustomerorders()
 6 SYSTEMPATH\CodeIgniter.php(509): CodeIgniter\CodeIgniter->runController(Object(App\Controllers\Customer))
 7 SYSTEMPATH\CodeIgniter.php(355): CodeIgniter\CodeIgniter->handleRequest(null, Object(Config\Cache), false)
 8 SYSTEMPATH\Boot.php(325): CodeIgniter\CodeIgniter->run()
 9 SYSTEMPATH\Boot.php(67): CodeIgniter\Boot::runCodeIgniter(Object(CodeIgniter\CodeIgniter))
10 FCPATH\index.php(56): CodeIgniter\Boot::bootWeb(Object(Config\Paths))
CRITICAL - 2024-07-13 09:05:18 --> [Caused by] CodeIgniter\Database\Exceptions\DatabaseException: Unknown column 'products.prod_price*customer_products.quantity' in 'field list'
in SYSTEMPATH\Database\MySQLi\Connection.php on line 317.
 1 SYSTEMPATH\Database\BaseConnection.php(734): CodeIgniter\Database\MySQLi\Connection->execute('SELECT `user_login_table`.`name`, `customer_products`.`id`, `customer_products`.`product_id`, `products`.`product_name`, `customer_products`.`quantity`, `customer_products`.`created_at`, `products`.`prod_price`, `products`.`prod_price*customer_products`.`quantity` as `total_amount`
FROM `customer_products`
JOIN `products` ON `products`.`id` = `customer_products`.`product_id`
JOIN `user_login_table` ON `user_login_table`.`id` = `customer_products`.`customer_id`
WHERE `customer_products`.`customer_id` = \'2\'')
 2 SYSTEMPATH\Database\BaseConnection.php(648): CodeIgniter\Database\BaseConnection->simpleQuery('SELECT `user_login_table`.`name`, `customer_products`.`id`, `customer_products`.`product_id`, `products`.`product_name`, `customer_products`.`quantity`, `customer_products`.`created_at`, `products`.`prod_price`, `products`.`prod_price*customer_products`.`quantity` as `total_amount`
FROM `customer_products`
JOIN `products` ON `products`.`id` = `customer_products`.`product_id`
JOIN `user_login_table` ON `user_login_table`.`id` = `customer_products`.`customer_id`
WHERE `customer_products`.`customer_id` = \'2\'')
 3 SYSTEMPATH\Database\BaseBuilder.php(1636): CodeIgniter\Database\BaseConnection->query('SELECT `user_login_table`.`name`, `customer_products`.`id`, `customer_products`.`product_id`, `products`.`product_name`, `customer_products`.`quantity`, `customer_products`.`created_at`, `products`.`prod_price`, `products`.`prod_price*customer_products`.`quantity` as `total_amount`
FROM `customer_products`
JOIN `products` ON `products`.`id` = `customer_products`.`product_id`
JOIN `user_login_table` ON `user_login_table`.`id` = `customer_products`.`customer_id`
WHERE `customer_products`.`customer_id` = :customer_products.customer_id:', [...], false)
 4 SYSTEMPATH\Model.php(286): CodeIgniter\Database\BaseBuilder->get()
 5 SYSTEMPATH\BaseModel.php(676): CodeIgniter\Model->doFindAll(0, 0)
 6 APPPATH\Controllers\Customer.php(118): CodeIgniter\BaseModel->findAll()
 7 SYSTEMPATH\CodeIgniter.php(933): App\Controllers\Customer->getcustomerorders()
 8 SYSTEMPATH\CodeIgniter.php(509): CodeIgniter\CodeIgniter->runController(Object(App\Controllers\Customer))
 9 SYSTEMPATH\CodeIgniter.php(355): CodeIgniter\CodeIgniter->handleRequest(null, Object(Config\Cache), false)
10 SYSTEMPATH\Boot.php(325): CodeIgniter\CodeIgniter->run()
11 SYSTEMPATH\Boot.php(67): CodeIgniter\Boot::runCodeIgniter(Object(CodeIgniter\CodeIgniter))
12 FCPATH\index.php(56): CodeIgniter\Boot::bootWeb(Object(Config\Paths))
CRITICAL - 2024-07-13 09:05:18 --> [Caused by] mysqli_sql_exception: Unknown column 'products.prod_price*customer_products.quantity' in 'field list'
in SYSTEMPATH\Database\MySQLi\Connection.php on line 312.
 1 SYSTEMPATH\Database\MySQLi\Connection.php(312): mysqli->query('SELECT `user_login_table`.`name`, `customer_products`.`id`, `customer_products`.`product_id`, `products`.`product_name`, `customer_products`.`quantity`, `customer_products`.`created_at`, `products`.`prod_price`, `products`.`prod_price*customer_products`.`quantity` as `total_amount`
FROM `customer_products`
JOIN `products` ON `products`.`id` = `customer_products`.`product_id`
JOIN `user_login_table` ON `user_login_table`.`id` = `customer_products`.`customer_id`
WHERE `customer_products`.`customer_id` = \'2\'', 0)
 2 SYSTEMPATH\Database\BaseConnection.php(734): CodeIgniter\Database\MySQLi\Connection->execute('SELECT `user_login_table`.`name`, `customer_products`.`id`, `customer_products`.`product_id`, `products`.`product_name`, `customer_products`.`quantity`, `customer_products`.`created_at`, `products`.`prod_price`, `products`.`prod_price*customer_products`.`quantity` as `total_amount`
FROM `customer_products`
JOIN `products` ON `products`.`id` = `customer_products`.`product_id`
JOIN `user_login_table` ON `user_login_table`.`id` = `customer_products`.`customer_id`
WHERE `customer_products`.`customer_id` = \'2\'')
 3 SYSTEMPATH\Database\BaseConnection.php(648): CodeIgniter\Database\BaseConnection->simpleQuery('SELECT `user_login_table`.`name`, `customer_products`.`id`, `customer_products`.`product_id`, `products`.`product_name`, `customer_products`.`quantity`, `customer_products`.`created_at`, `products`.`prod_price`, `products`.`prod_price*customer_products`.`quantity` as `total_amount`
FROM `customer_products`
JOIN `products` ON `products`.`id` = `customer_products`.`product_id`
JOIN `user_login_table` ON `user_login_table`.`id` = `customer_products`.`customer_id`
WHERE `customer_products`.`customer_id` = \'2\'')
 4 SYSTEMPATH\Database\BaseBuilder.php(1636): CodeIgniter\Database\BaseConnection->query('SELECT `user_login_table`.`name`, `customer_products`.`id`, `customer_products`.`product_id`, `products`.`product_name`, `customer_products`.`quantity`, `customer_products`.`created_at`, `products`.`prod_price`, `products`.`prod_price*customer_products`.`quantity` as `total_amount`
FROM `customer_products`
JOIN `products` ON `products`.`id` = `customer_products`.`product_id`
JOIN `user_login_table` ON `user_login_table`.`id` = `customer_products`.`customer_id`
WHERE `customer_products`.`customer_id` = :customer_products.customer_id:', [...], false)
 5 SYSTEMPATH\Model.php(286): CodeIgniter\Database\BaseBuilder->get()
 6 SYSTEMPATH\BaseModel.php(676): CodeIgniter\Model->doFindAll(0, 0)
 7 APPPATH\Controllers\Customer.php(118): CodeIgniter\BaseModel->findAll()
 8 SYSTEMPATH\CodeIgniter.php(933): App\Controllers\Customer->getcustomerorders()
 9 SYSTEMPATH\CodeIgniter.php(509): CodeIgniter\CodeIgniter->runController(Object(App\Controllers\Customer))
10 SYSTEMPATH\CodeIgniter.php(355): CodeIgniter\CodeIgniter->handleRequest(null, Object(Config\Cache), false)
11 SYSTEMPATH\Boot.php(325): CodeIgniter\CodeIgniter->run()
12 SYSTEMPATH\Boot.php(67): CodeIgniter\Boot::runCodeIgniter(Object(CodeIgniter\CodeIgniter))
13 FCPATH\index.php(56): CodeIgniter\Boot::bootWeb(Object(Config\Paths))
CRITICAL - 2024-07-13 10:02:39 --> Error: Non-static method Config\AuthHook::authenticate() cannot be called statically
[Method: GET, Route: /]
in SYSTEMPATH\Events\Events.php on line 155.
 1 SYSTEMPATH\CodeIgniter.php(340): CodeIgniter\Events\Events::trigger('pre_system')
 2 SYSTEMPATH\Boot.php(325): CodeIgniter\CodeIgniter->run()
 3 SYSTEMPATH\Boot.php(67): CodeIgniter\Boot::runCodeIgniter(Object(CodeIgniter\CodeIgniter))
 4 FCPATH\index.php(56): CodeIgniter\Boot::bootWeb(Object(Config\Paths))
CRITICAL - 2024-07-13 10:02:46 --> Error: Non-static method Config\AuthHook::authenticate() cannot be called statically
[Method: GET, Route: customer/dashboard]
in SYSTEMPATH\Events\Events.php on line 155.
 1 SYSTEMPATH\CodeIgniter.php(340): CodeIgniter\Events\Events::trigger('pre_system')
 2 SYSTEMPATH\Boot.php(325): CodeIgniter\CodeIgniter->run()
 3 SYSTEMPATH\Boot.php(67): CodeIgniter\Boot::runCodeIgniter(Object(CodeIgniter\CodeIgniter))
 4 FCPATH\index.php(56): CodeIgniter\Boot::bootWeb(Object(Config\Paths))
CRITICAL - 2024-07-13 10:02:52 --> Error: Non-static method Config\AuthHook::authenticate() cannot be called statically
[Method: GET, Route: /]
in SYSTEMPATH\Events\Events.php on line 155.
 1 SYSTEMPATH\CodeIgniter.php(340): CodeIgniter\Events\Events::trigger('pre_system')
 2 SYSTEMPATH\Boot.php(325): CodeIgniter\CodeIgniter->run()
 3 SYSTEMPATH\Boot.php(67): CodeIgniter\Boot::runCodeIgniter(Object(CodeIgniter\CodeIgniter))
 4 FCPATH\index.php(56): CodeIgniter\Boot::bootWeb(Object(Config\Paths))
CRITICAL - 2024-07-13 10:02:53 --> Error: Non-static method Config\AuthHook::authenticate() cannot be called statically
[Method: GET, Route: /]
in SYSTEMPATH\Events\Events.php on line 155.
 1 SYSTEMPATH\CodeIgniter.php(340): CodeIgniter\Events\Events::trigger('pre_system')
 2 SYSTEMPATH\Boot.php(325): CodeIgniter\CodeIgniter->run()
 3 SYSTEMPATH\Boot.php(67): CodeIgniter\Boot::runCodeIgniter(Object(CodeIgniter\CodeIgniter))
 4 FCPATH\index.php(56): CodeIgniter\Boot::bootWeb(Object(Config\Paths))
CRITICAL - 2024-07-13 10:03:00 --> Error: Non-static method Config\AuthHook::authenticate() cannot be called statically
[Method: GET, Route: /]
in SYSTEMPATH\Events\Events.php on line 155.
 1 SYSTEMPATH\CodeIgniter.php(340): CodeIgniter\Events\Events::trigger('pre_system')
 2 SYSTEMPATH\Boot.php(325): CodeIgniter\CodeIgniter->run()
 3 SYSTEMPATH\Boot.php(67): CodeIgniter\Boot::runCodeIgniter(Object(CodeIgniter\CodeIgniter))
 4 FCPATH\index.php(56): CodeIgniter\Boot::bootWeb(Object(Config\Paths))
ERROR - 2024-07-13 10:17:28 --> Error connecting to the database: mysqli_sql_exception: No connection could be made because the target machine actively refused it in C:\xampp\htdocs\ecommerce\system\Database\MySQLi\Connection.php:187
Stack trace:
#0 C:\xampp\htdocs\ecommerce\system\Database\MySQLi\Connection.php(187): mysqli->real_connect('localhost', 'root', '', 'ecommerce', 3306, '', 0)
#1 C:\xampp\htdocs\ecommerce\system\Database\BaseConnection.php(421): CodeIgniter\Database\MySQLi\Connection->connect(false)
#2 C:\xampp\htdocs\ecommerce\system\Database\BaseConnection.php(616): CodeIgniter\Database\BaseConnection->initialize()
#3 C:\xampp\htdocs\ecommerce\system\Database\BaseBuilder.php(2835): CodeIgniter\Database\BaseConnection->query('DELETE FROM `pr...', Array, false)
#4 C:\xampp\htdocs\ecommerce\system\Model.php(521): CodeIgniter\Database\BaseBuilder->delete()
#5 C:\xampp\htdocs\ecommerce\system\BaseModel.php(1158): CodeIgniter\Model->doDelete(Array, false)
#6 C:\xampp\htdocs\ecommerce\app\Controllers\Admin.php(79): CodeIgniter\BaseModel->delete(Array)
#7 C:\xampp\htdocs\ecommerce\system\CodeIgniter.php(933): App\Controllers\Admin->deleteProduct('8')
#8 C:\xampp\htdocs\ecommerce\system\CodeIgniter.php(509): CodeIgniter\CodeIgniter->runController(Object(App\Controllers\Admin))
#9 C:\xampp\htdocs\ecommerce\system\CodeIgniter.php(355): CodeIgniter\CodeIgniter->handleRequest(NULL, Object(Config\Cache), false)
#10 C:\xampp\htdocs\ecommerce\system\Boot.php(325): CodeIgniter\CodeIgniter->run()
#11 C:\xampp\htdocs\ecommerce\system\Boot.php(67): CodeIgniter\Boot::runCodeIgniter(Object(CodeIgniter\CodeIgniter))
#12 C:\xampp\htdocs\ecommerce\public\index.php(56): CodeIgniter\Boot::bootWeb(Object(Config\Paths))
#13 {main}

Next CodeIgniter\Database\Exceptions\DatabaseException: No connection could be made because the target machine actively refused it in C:\xampp\htdocs\ecommerce\system\Database\MySQLi\Connection.php:231
Stack trace:
#0 C:\xampp\htdocs\ecommerce\system\Database\BaseConnection.php(421): CodeIgniter\Database\MySQLi\Connection->connect(false)
#1 C:\xampp\htdocs\ecommerce\system\Database\BaseConnection.php(616): CodeIgniter\Database\BaseConnection->initialize()
#2 C:\xampp\htdocs\ecommerce\system\Database\BaseBuilder.php(2835): CodeIgniter\Database\BaseConnection->query('DELETE FROM `pr...', Array, false)
#3 C:\xampp\htdocs\ecommerce\system\Model.php(521): CodeIgniter\Database\BaseBuilder->delete()
#4 C:\xampp\htdocs\ecommerce\system\BaseModel.php(1158): CodeIgniter\Model->doDelete(Array, false)
#5 C:\xampp\htdocs\ecommerce\app\Controllers\Admin.php(79): CodeIgniter\BaseModel->delete(Array)
#6 C:\xampp\htdocs\ecommerce\system\CodeIgniter.php(933): App\Controllers\Admin->deleteProduct('8')
#7 C:\xampp\htdocs\ecommerce\system\CodeIgniter.php(509): CodeIgniter\CodeIgniter->runController(Object(App\Controllers\Admin))
#8 C:\xampp\htdocs\ecommerce\system\CodeIgniter.php(355): CodeIgniter\CodeIgniter->handleRequest(NULL, Object(Config\Cache), false)
#9 C:\xampp\htdocs\ecommerce\system\Boot.php(325): CodeIgniter\CodeIgniter->run()
#10 C:\xampp\htdocs\ecommerce\system\Boot.php(67): CodeIgniter\Boot::runCodeIgniter(Object(CodeIgniter\CodeIgniter))
#11 C:\xampp\htdocs\ecommerce\public\index.php(56): CodeIgniter\Boot::bootWeb(Object(Config\Paths))
#12 {main}
CRITICAL - 2024-07-13 10:17:28 --> CodeIgniter\Database\Exceptions\DatabaseException: Unable to connect to the database.
Main connection [MySQLi]: No connection could be made because the target machine actively refused it
[Method: GET, Route: admin/deleteProduct/8]
in SYSTEMPATH\Database\BaseConnection.php on line 467.
 1 SYSTEMPATH\Database\BaseConnection.php(616): CodeIgniter\Database\BaseConnection->initialize()
 2 SYSTEMPATH\Database\BaseBuilder.php(2835): CodeIgniter\Database\BaseConnection->query('DELETE FROM `products`
WHERE `id` IN :id:', [...], false)
 3 SYSTEMPATH\Model.php(521): CodeIgniter\Database\BaseBuilder->delete()
 4 SYSTEMPATH\BaseModel.php(1158): CodeIgniter\Model->doDelete([...], false)
 5 APPPATH\Controllers\Admin.php(79): CodeIgniter\BaseModel->delete([...])
 6 SYSTEMPATH\CodeIgniter.php(933): App\Controllers\Admin->deleteProduct('8')
 7 SYSTEMPATH\CodeIgniter.php(509): CodeIgniter\CodeIgniter->runController(Object(App\Controllers\Admin))
 8 SYSTEMPATH\CodeIgniter.php(355): CodeIgniter\CodeIgniter->handleRequest(null, Object(Config\Cache), false)
 9 SYSTEMPATH\Boot.php(325): CodeIgniter\CodeIgniter->run()
10 SYSTEMPATH\Boot.php(67): CodeIgniter\Boot::runCodeIgniter(Object(CodeIgniter\CodeIgniter))
11 FCPATH\index.php(56): CodeIgniter\Boot::bootWeb(Object(Config\Paths))
ERROR - 2024-07-13 10:17:37 --> Error connecting to the database: mysqli_sql_exception: No connection could be made because the target machine actively refused it in C:\xampp\htdocs\ecommerce\system\Database\MySQLi\Connection.php:187
Stack trace:
#0 C:\xampp\htdocs\ecommerce\system\Database\MySQLi\Connection.php(187): mysqli->real_connect('localhost', 'root', '', 'ecommerce', 3306, '', 0)
#1 C:\xampp\htdocs\ecommerce\system\Database\BaseConnection.php(421): CodeIgniter\Database\MySQLi\Connection->connect(false)
#2 C:\xampp\htdocs\ecommerce\system\Database\BaseConnection.php(616): CodeIgniter\Database\BaseConnection->initialize()
#3 C:\xampp\htdocs\ecommerce\system\Database\BaseBuilder.php(2835): CodeIgniter\Database\BaseConnection->query('DELETE FROM `pr...', Array, false)
#4 C:\xampp\htdocs\ecommerce\system\Model.php(521): CodeIgniter\Database\BaseBuilder->delete()
#5 C:\xampp\htdocs\ecommerce\system\BaseModel.php(1158): CodeIgniter\Model->doDelete(Array, false)
#6 C:\xampp\htdocs\ecommerce\app\Controllers\Admin.php(79): CodeIgniter\BaseModel->delete(Array)
#7 C:\xampp\htdocs\ecommerce\system\CodeIgniter.php(933): App\Controllers\Admin->deleteProduct('8')
#8 C:\xampp\htdocs\ecommerce\system\CodeIgniter.php(509): CodeIgniter\CodeIgniter->runController(Object(App\Controllers\Admin))
#9 C:\xampp\htdocs\ecommerce\system\CodeIgniter.php(355): CodeIgniter\CodeIgniter->handleRequest(NULL, Object(Config\Cache), false)
#10 C:\xampp\htdocs\ecommerce\system\Boot.php(325): CodeIgniter\CodeIgniter->run()
#11 C:\xampp\htdocs\ecommerce\system\Boot.php(67): CodeIgniter\Boot::runCodeIgniter(Object(CodeIgniter\CodeIgniter))
#12 C:\xampp\htdocs\ecommerce\public\index.php(56): CodeIgniter\Boot::bootWeb(Object(Config\Paths))
#13 {main}

Next CodeIgniter\Database\Exceptions\DatabaseException: No connection could be made because the target machine actively refused it in C:\xampp\htdocs\ecommerce\system\Database\MySQLi\Connection.php:231
Stack trace:
#0 C:\xampp\htdocs\ecommerce\system\Database\BaseConnection.php(421): CodeIgniter\Database\MySQLi\Connection->connect(false)
#1 C:\xampp\htdocs\ecommerce\system\Database\BaseConnection.php(616): CodeIgniter\Database\BaseConnection->initialize()
#2 C:\xampp\htdocs\ecommerce\system\Database\BaseBuilder.php(2835): CodeIgniter\Database\BaseConnection->query('DELETE FROM `pr...', Array, false)
#3 C:\xampp\htdocs\ecommerce\system\Model.php(521): CodeIgniter\Database\BaseBuilder->delete()
#4 C:\xampp\htdocs\ecommerce\system\BaseModel.php(1158): CodeIgniter\Model->doDelete(Array, false)
#5 C:\xampp\htdocs\ecommerce\app\Controllers\Admin.php(79): CodeIgniter\BaseModel->delete(Array)
#6 C:\xampp\htdocs\ecommerce\system\CodeIgniter.php(933): App\Controllers\Admin->deleteProduct('8')
#7 C:\xampp\htdocs\ecommerce\system\CodeIgniter.php(509): CodeIgniter\CodeIgniter->runController(Object(App\Controllers\Admin))
#8 C:\xampp\htdocs\ecommerce\system\CodeIgniter.php(355): CodeIgniter\CodeIgniter->handleRequest(NULL, Object(Config\Cache), false)
#9 C:\xampp\htdocs\ecommerce\system\Boot.php(325): CodeIgniter\CodeIgniter->run()
#10 C:\xampp\htdocs\ecommerce\system\Boot.php(67): CodeIgniter\Boot::runCodeIgniter(Object(CodeIgniter\CodeIgniter))
#11 C:\xampp\htdocs\ecommerce\public\index.php(56): CodeIgniter\Boot::bootWeb(Object(Config\Paths))
#12 {main}
CRITICAL - 2024-07-13 10:17:37 --> CodeIgniter\Database\Exceptions\DatabaseException: Unable to connect to the database.
Main connection [MySQLi]: No connection could be made because the target machine actively refused it
[Method: GET, Route: admin/deleteProduct/8]
in SYSTEMPATH\Database\BaseConnection.php on line 467.
 1 SYSTEMPATH\Database\BaseConnection.php(616): CodeIgniter\Database\BaseConnection->initialize()
 2 SYSTEMPATH\Database\BaseBuilder.php(2835): CodeIgniter\Database\BaseConnection->query('DELETE FROM `products`
WHERE `id` IN :id:', [...], false)
 3 SYSTEMPATH\Model.php(521): CodeIgniter\Database\BaseBuilder->delete()
 4 SYSTEMPATH\BaseModel.php(1158): CodeIgniter\Model->doDelete([...], false)
 5 APPPATH\Controllers\Admin.php(79): CodeIgniter\BaseModel->delete([...])
 6 SYSTEMPATH\CodeIgniter.php(933): App\Controllers\Admin->deleteProduct('8')
 7 SYSTEMPATH\CodeIgniter.php(509): CodeIgniter\CodeIgniter->runController(Object(App\Controllers\Admin))
 8 SYSTEMPATH\CodeIgniter.php(355): CodeIgniter\CodeIgniter->handleRequest(null, Object(Config\Cache), false)
 9 SYSTEMPATH\Boot.php(325): CodeIgniter\CodeIgniter->run()
10 SYSTEMPATH\Boot.php(67): CodeIgniter\Boot::runCodeIgniter(Object(CodeIgniter\CodeIgniter))
11 FCPATH\index.php(56): CodeIgniter\Boot::bootWeb(Object(Config\Paths))
ERROR - 2024-07-13 10:17:56 --> Error connecting to the database: mysqli_sql_exception: No connection could be made because the target machine actively refused it in C:\xampp\htdocs\ecommerce\system\Database\MySQLi\Connection.php:187
Stack trace:
#0 C:\xampp\htdocs\ecommerce\system\Database\MySQLi\Connection.php(187): mysqli->real_connect('localhost', 'root', '', 'ecommerce', 3306, '', 0)
#1 C:\xampp\htdocs\ecommerce\system\Database\BaseConnection.php(421): CodeIgniter\Database\MySQLi\Connection->connect(false)
#2 C:\xampp\htdocs\ecommerce\system\Database\BaseConnection.php(616): CodeIgniter\Database\BaseConnection->initialize()
#3 C:\xampp\htdocs\ecommerce\system\Database\BaseBuilder.php(1636): CodeIgniter\Database\BaseConnection->query('SELECT *\nFROM `...', Array, false)
#4 C:\xampp\htdocs\ecommerce\system\Model.php(330): CodeIgniter\Database\BaseBuilder->get()
#5 C:\xampp\htdocs\ecommerce\system\BaseModel.php(714): CodeIgniter\Model->doFirst()
#6 C:\xampp\htdocs\ecommerce\app\Controllers\Login.php(24): CodeIgniter\BaseModel->first()
#7 C:\xampp\htdocs\ecommerce\system\CodeIgniter.php(933): App\Controllers\Login->authenticate()
#8 C:\xampp\htdocs\ecommerce\system\CodeIgniter.php(509): CodeIgniter\CodeIgniter->runController(Object(App\Controllers\Login))
#9 C:\xampp\htdocs\ecommerce\system\CodeIgniter.php(355): CodeIgniter\CodeIgniter->handleRequest(NULL, Object(Config\Cache), false)
#10 C:\xampp\htdocs\ecommerce\system\Boot.php(325): CodeIgniter\CodeIgniter->run()
#11 C:\xampp\htdocs\ecommerce\system\Boot.php(67): CodeIgniter\Boot::runCodeIgniter(Object(CodeIgniter\CodeIgniter))
#12 C:\xampp\htdocs\ecommerce\public\index.php(56): CodeIgniter\Boot::bootWeb(Object(Config\Paths))
#13 {main}

Next CodeIgniter\Database\Exceptions\DatabaseException: No connection could be made because the target machine actively refused it in C:\xampp\htdocs\ecommerce\system\Database\MySQLi\Connection.php:231
Stack trace:
#0 C:\xampp\htdocs\ecommerce\system\Database\BaseConnection.php(421): CodeIgniter\Database\MySQLi\Connection->connect(false)
#1 C:\xampp\htdocs\ecommerce\system\Database\BaseConnection.php(616): CodeIgniter\Database\BaseConnection->initialize()
#2 C:\xampp\htdocs\ecommerce\system\Database\BaseBuilder.php(1636): CodeIgniter\Database\BaseConnection->query('SELECT *\nFROM `...', Array, false)
#3 C:\xampp\htdocs\ecommerce\system\Model.php(330): CodeIgniter\Database\BaseBuilder->get()
#4 C:\xampp\htdocs\ecommerce\system\BaseModel.php(714): CodeIgniter\Model->doFirst()
#5 C:\xampp\htdocs\ecommerce\app\Controllers\Login.php(24): CodeIgniter\BaseModel->first()
#6 C:\xampp\htdocs\ecommerce\system\CodeIgniter.php(933): App\Controllers\Login->authenticate()
#7 C:\xampp\htdocs\ecommerce\system\CodeIgniter.php(509): CodeIgniter\CodeIgniter->runController(Object(App\Controllers\Login))
#8 C:\xampp\htdocs\ecommerce\system\CodeIgniter.php(355): CodeIgniter\CodeIgniter->handleRequest(NULL, Object(Config\Cache), false)
#9 C:\xampp\htdocs\ecommerce\system\Boot.php(325): CodeIgniter\CodeIgniter->run()
#10 C:\xampp\htdocs\ecommerce\system\Boot.php(67): CodeIgniter\Boot::runCodeIgniter(Object(CodeIgniter\CodeIgniter))
#11 C:\xampp\htdocs\ecommerce\public\index.php(56): CodeIgniter\Boot::bootWeb(Object(Config\Paths))
#12 {main}
CRITICAL - 2024-07-13 10:17:56 --> CodeIgniter\Database\Exceptions\DatabaseException: Unable to connect to the database.
Main connection [MySQLi]: No connection could be made because the target machine actively refused it
[Method: POST, Route: login/authenticate]
in SYSTEMPATH\Database\BaseConnection.php on line 467.
 1 SYSTEMPATH\Database\BaseConnection.php(616): CodeIgniter\Database\BaseConnection->initialize()
 2 SYSTEMPATH\Database\BaseBuilder.php(1636): CodeIgniter\Database\BaseConnection->query('SELECT *
FROM `user_login_table`
WHERE `name` = :name:
AND `password` = :password:
 LIMIT 1', [...], false)
 3 SYSTEMPATH\Model.php(330): CodeIgniter\Database\BaseBuilder->get()
 4 SYSTEMPATH\BaseModel.php(714): CodeIgniter\Model->doFirst()
 5 APPPATH\Controllers\Login.php(24): CodeIgniter\BaseModel->first()
 6 SYSTEMPATH\CodeIgniter.php(933): App\Controllers\Login->authenticate()
 7 SYSTEMPATH\CodeIgniter.php(509): CodeIgniter\CodeIgniter->runController(Object(App\Controllers\Login))
 8 SYSTEMPATH\CodeIgniter.php(355): CodeIgniter\CodeIgniter->handleRequest(null, Object(Config\Cache), false)
 9 SYSTEMPATH\Boot.php(325): CodeIgniter\CodeIgniter->run()
10 SYSTEMPATH\Boot.php(67): CodeIgniter\Boot::runCodeIgniter(Object(CodeIgniter\CodeIgniter))
11 FCPATH\index.php(56): CodeIgniter\Boot::bootWeb(Object(Config\Paths))
